Microsoft (R) 32-Bit Library Manager Version 5.00.7022
Copyright (C) Microsoft Corp 1992-1997. All rights reserved.

.\Release\C_CRC16F.OBJ
.\Release\C_CRC32.OBJ
.\Release\C_CRYPTO.OBJ
.\Release\C_DECRYP.OBJ
.\Release\C_FIND.OBJ
.\Release\C_FS.OBJ
.\Release\C_HEXCOD.OBJ
.\Release\C_MEM.OBJ
.\Release\C_RANDFI.OBJ
.\Release\C_RANDNA.OBJ
.\Release\C_SRAND.OBJ
.\Release\C_SWDICT.OBJ
.\Release\C_TM.OBJ
.\Release\C_URAND.OBJ
.\Release\C_UUCODE.OBJ
.\Release\C_VERIFY.OBJ
.\Release\N_VAULT.OBJ
.\Release\CT_TOUCH.OBJ
.\Release\CT_VER.OBJ
.\Release\N_ADDKEY.OBJ
.\Release\N_CONSTR.OBJ
.\Release\N_DSA.OBJ
.\Release\N_FILE.OBJ
.\Release\N_FPUB.OBJ
.\Release\N_GOSTRF.OBJ
.\Release\N_HASH.OBJ
.\Release\N_PRIVAT.OBJ
.\Release\N_PUBLIC.OBJ
.\Release\N_R50.OBJ
.\Release\N_SHA.OBJ
.\Release\N_SHNOR.OBJ
.\Release\N_SIGN.OBJ
.\Release\N_SIGNRF.OBJ
.\Release\N_SIGNSH.OBJ
.\Release\N_SIGNUS.OBJ
.\Release\N_TOUCH.OBJ
