c_coderf.obj
c_crc16f.obj
c_crc32.obj
c_crypto.obj
c_decryp.obj
c_find.obj
c_fs.obj
c_hexcod.obj
c_mem.obj
c_randfi.obj
c_randna.obj
c_srand.obj
c_swdict.obj
c_tm.obj
c_urand.obj
c_uucode.obj
c_verify.obj
c_vesta.obj
cn_tm.obj
cn_urand.obj
ct_touch.obj
ct_ver.obj
f_not.obj
f_sha.obj
f_sign.obj
n_addkey.obj
n_constr.obj
n_dsa.obj
n_file.obj
n_fpub.obj
n_gostrf.obj
n_hash.obj
n_privat.obj
n_public.obj
n_r50.obj
n_signrf.obj
n_signus.obj
n_touch.obj
n_vault.obj
w_shnor.obj
w_signsh.obj
