 Volume in drive D is D_TOOLS
 Volume Serial Number is 16FB-0A37

 Directory of D:\DISTRIB\SIGNLIB\NOTARY

26.02.99  18:38                 13ÿ192 C_CODERF.OBJ
26.02.99  18:38                  1ÿ112 C_CRC16F.OBJ
26.02.99  18:38                  1ÿ612 C_CRC32.OBJ
26.02.99  18:38                    659 C_CRYPTO.OBJ
26.02.99  18:38                  2ÿ047 C_DECRYP.OBJ
26.02.99  18:38                  1ÿ072 C_FIND.OBJ
26.02.99  18:38                  3ÿ065 C_FS.OBJ
26.02.99  18:38                  1ÿ306 C_HEXCOD.OBJ
26.02.99  18:38                    929 C_MEM.OBJ
26.02.99  18:38                  2ÿ180 C_RANDFI.OBJ
26.02.99  18:38                    798 C_RANDNA.OBJ
26.02.99  18:38                    861 C_SRAND.OBJ
26.02.99  18:38                  7ÿ917 C_SWDICT.OBJ
26.02.99  18:38                  9ÿ393 C_TM.OBJ
26.02.99  18:38                  1ÿ850 C_URAND.OBJ
26.02.99  18:38                  2ÿ240 C_UUCODE.OBJ
26.02.99  18:38                  2ÿ672 C_VESTA.OBJ
26.02.99  18:38                    893 CT_TOUCH.OBJ
26.02.99  18:38                  1ÿ219 CT_VER.OBJ
26.02.99  18:38                    506 N_ADDKEY.OBJ
26.02.99  18:38                  1ÿ984 N_CONSTR.OBJ
26.02.99  18:38                  1ÿ418 N_DSA.OBJ
26.02.99  18:38                 14ÿ446 N_FILE.OBJ
26.02.99  18:38                  5ÿ823 N_FPUB.OBJ
26.02.99  18:38                  1ÿ061 N_GOSTRF.OBJ
26.02.99  18:38                  1ÿ394 N_HASH.OBJ
26.02.99  18:38                  6ÿ511 N_PRIVAT.OBJ
26.02.99  18:38                  7ÿ115 N_PUBLIC.OBJ
26.02.99  18:38                  5ÿ892 N_R50.OBJ
26.02.99  18:38                 16ÿ743 N_SIGNRF.OBJ
26.02.99  18:38                 15ÿ389 N_SIGNUS.OBJ
26.02.99  18:38                    980 N_TOUCH.OBJ
26.02.99  18:38                  7ÿ906 N_VAULT.OBJ
26.02.99  18:38                    721 f_sign.obj
26.02.99  18:38                    659 f_not.obj
26.02.99  18:38                  1ÿ739 f_SHA.obj
26.02.99  18:38                    788 f_SHNOR.obj
26.02.99  18:38                  6ÿ801 f_SIGNSH.obj
26.02.99  18:38                  2ÿ032 o_sha.obj
26.02.99  18:38                  1ÿ848 o_shnor.obj
26.02.99  18:38                  1ÿ116 o_sign.obj
26.02.99  18:38                 13ÿ625 o_signsh.obj
26.02.99  18:38                  1ÿ645 w_shnor.obj
26.02.99  18:38                  8ÿ558 w_signsh.obj
26.02.99  18:38                  1ÿ381 C_verify.obj
              45 File(s)        183ÿ098 bytes
                          1ÿ405ÿ431ÿ808 bytes free
