[InstallLanguage]
LangID=RUS

[Strings]
AppID={9A183617-2FD7-4034-9FEA-F902935109D1}
AdminRights=1

[InstalledFeature]
{8FEF8BEE-8218-4081-9C4E-5E642782DFC5}=
{EB62F4CC-5BB7-4AD4-A0D7-CDE4C2F48C73}=
{EB62F4CC-5BB7-4AD4-A0D7-CDE4C2F48C72}=
{E0D03E6C-0674-4033-98C7-03B188BEE514}=
{A7B80275-1FA7-417E-A727-16952CBF4A88}=
{EB62F4CC-5BB7-4AD4-B0D4-CDE4C2F48C74}=
{16833F57-80F4-4D2B-92B3-789135C6FDB5}=
{235236C1-F86E-43C6-8C6B-0CDAA0D8D7DF}=

[CreateDirs]
E:\Program Files\FastReports\FastScript=

[{F6A176B4-CCD1-4C9C-A924-C37792A5CB8D}.CreateDirs]
E:\Program Files\FastReports\FastScript\LibD7=

[{F6A176B4-CCD1-4C9C-A924-C37792A5CB8D}.CopyFiles]
E:\Program Files\FastReports\FastScript\LibD7\dclfs7.bpl=

[{A98F63FA-CCD0-42F8-9163-C8327327CB2F}.CopyFiles]
E:\Program Files\FastReports\FastScript\LibD7\dclfs10.bdsproj=
E:\Program Files\FastReports\FastScript\LibD7\dclfs10.dpk=
E:\Program Files\FastReports\FastScript\LibD7\dclfs4.dpk=
E:\Program Files\FastReports\FastScript\LibD7\dclfs5.dpk=
E:\Program Files\FastReports\FastScript\LibD7\dclfs6.dpk=
E:\Program Files\FastReports\FastScript\LibD7\dclfs7.bpl=
E:\Program Files\FastReports\FastScript\LibD7\dclfs7.dcp=
E:\Program Files\FastReports\FastScript\LibD7\dclfs7.dcu=
E:\Program Files\FastReports\FastScript\LibD7\dclfs7.dpk=
E:\Program Files\FastReports\FastScript\LibD7\dclfs9.bdsproj=
E:\Program Files\FastReports\FastScript\LibD7\dclfs9.dpk=
E:\Program Files\FastReports\FastScript\LibD7\dclfsADO10.bdsproj=
E:\Program Files\FastReports\FastScript\LibD7\dclfsADO10.dpk=
E:\Program Files\FastReports\FastScript\LibD7\dclfsADO5.dpk=
E:\Program Files\FastReports\FastScript\LibD7\dclfsADO6.dpk=
E:\Program Files\FastReports\FastScript\LibD7\dclfsADO7.bpl=
E:\Program Files\FastReports\FastScript\LibD7\dclfsADO7.dcp=
E:\Program Files\FastReports\FastScript\LibD7\dclfsADO7.dcu=
E:\Program Files\FastReports\FastScript\LibD7\dclfsADO7.dpk=
E:\Program Files\FastReports\FastScript\LibD7\dclfsADO9.bdsproj=
E:\Program Files\FastReports\FastScript\LibD7\dclfsADO9.dpk=
E:\Program Files\FastReports\FastScript\LibD7\dclfsBDE10.bdsproj=
E:\Program Files\FastReports\FastScript\LibD7\dclfsBDE10.dpk=
E:\Program Files\FastReports\FastScript\LibD7\dclfsBDE4.dpk=
E:\Program Files\FastReports\FastScript\LibD7\dclfsBDE5.dpk=
E:\Program Files\FastReports\FastScript\LibD7\dclfsBDE6.dpk=
E:\Program Files\FastReports\FastScript\LibD7\dclfsBDE7.bpl=
E:\Program Files\FastReports\FastScript\LibD7\dclfsBDE7.dcp=
E:\Program Files\FastReports\FastScript\LibD7\dclfsBDE7.dcu=
E:\Program Files\FastReports\FastScript\LibD7\dclfsBDE7.dpk=
E:\Program Files\FastReports\FastScript\LibD7\dclfsBDE9.bdsproj=
E:\Program Files\FastReports\FastScript\LibD7\dclfsBDE9.dpk=
E:\Program Files\FastReports\FastScript\LibD7\dclfsDB10.bdsproj=
E:\Program Files\FastReports\FastScript\LibD7\dclfsDB10.dpk=
E:\Program Files\FastReports\FastScript\LibD7\dclfsDB4.dpk=
E:\Program Files\FastReports\FastScript\LibD7\dclfsDB5.dpk=
E:\Program Files\FastReports\FastScript\LibD7\dclfsDB6.dpk=
E:\Program Files\FastReports\FastScript\LibD7\dclfsDB7.bpl=
E:\Program Files\FastReports\FastScript\LibD7\dclfsDB7.dcp=
E:\Program Files\FastReports\FastScript\LibD7\dclfsDB7.dcu=
E:\Program Files\FastReports\FastScript\LibD7\dclfsDB7.dpk=
E:\Program Files\FastReports\FastScript\LibD7\dclfsDB9.bdsproj=
E:\Program Files\FastReports\FastScript\LibD7\dclfsDB9.dpk=
E:\Program Files\FastReports\FastScript\LibD7\dclfsIBX10.bdsproj=
E:\Program Files\FastReports\FastScript\LibD7\dclfsIBX10.dpk=
E:\Program Files\FastReports\FastScript\LibD7\dclfsIBX5.dpk=
E:\Program Files\FastReports\FastScript\LibD7\dclfsIBX6.dpk=
E:\Program Files\FastReports\FastScript\LibD7\dclfsIBX7.bpl=
E:\Program Files\FastReports\FastScript\LibD7\dclfsIBX7.dcp=
E:\Program Files\FastReports\FastScript\LibD7\dclfsIBX7.dcu=
E:\Program Files\FastReports\FastScript\LibD7\dclfsIBX7.dpk=
E:\Program Files\FastReports\FastScript\LibD7\dclfsIBX9.bdsproj=
E:\Program Files\FastReports\FastScript\LibD7\dclfsIBX9.dpk=
E:\Program Files\FastReports\FastScript\LibD7\dclfsTee10.bdsproj=
E:\Program Files\FastReports\FastScript\LibD7\dclfsTee10.dpk=
E:\Program Files\FastReports\FastScript\LibD7\dclfsTee4.dpk=
E:\Program Files\FastReports\FastScript\LibD7\dclfsTee5.dpk=
E:\Program Files\FastReports\FastScript\LibD7\dclfsTee6.dpk=
E:\Program Files\FastReports\FastScript\LibD7\dclfsTee7.bpl=
E:\Program Files\FastReports\FastScript\LibD7\dclfsTee7.dcp=
E:\Program Files\FastReports\FastScript\LibD7\dclfsTee7.dcu=
E:\Program Files\FastReports\FastScript\LibD7\dclfsTee7.dpk=
E:\Program Files\FastReports\FastScript\LibD7\dclfsTee9.bdsproj=
E:\Program Files\FastReports\FastScript\LibD7\dclfsTee9.dpk=
E:\Program Files\FastReports\FastScript\LibD7\fs.inc=
E:\Program Files\FastReports\FastScript\LibD7\fs10.bdsproj=
E:\Program Files\FastReports\FastScript\LibD7\fs10.dpk=
E:\Program Files\FastReports\FastScript\LibD7\fs4.dpk=
E:\Program Files\FastReports\FastScript\LibD7\fs4.res=
E:\Program Files\FastReports\FastScript\LibD7\fs5.dpk=
E:\Program Files\FastReports\FastScript\LibD7\fs5.res=
E:\Program Files\FastReports\FastScript\LibD7\fs6.dpk=
E:\Program Files\FastReports\FastScript\LibD7\fs6.res=
E:\Program Files\FastReports\FastScript\LibD7\fs7.bpl=
E:\Program Files\FastReports\FastScript\LibD7\fs7.dcp=
E:\Program Files\FastReports\FastScript\LibD7\fs7.dcu=
E:\Program Files\FastReports\FastScript\LibD7\fs7.dpk=
E:\Program Files\FastReports\FastScript\LibD7\fs9.bdsproj=
E:\Program Files\FastReports\FastScript\LibD7\fs9.dpk=
E:\Program Files\FastReports\FastScript\LibD7\fsADO10.bdsproj=
E:\Program Files\FastReports\FastScript\LibD7\fsADO10.dpk=
E:\Program Files\FastReports\FastScript\LibD7\fsADO5.dpk=
E:\Program Files\FastReports\FastScript\LibD7\fsADO6.dpk=
E:\Program Files\FastReports\FastScript\LibD7\fsADO7.bpl=
E:\Program Files\FastReports\FastScript\LibD7\fsADO7.dcp=
E:\Program Files\FastReports\FastScript\LibD7\fsADO7.dcu=
E:\Program Files\FastReports\FastScript\LibD7\fsADO7.dpk=
E:\Program Files\FastReports\FastScript\LibD7\fsADO9.bdsproj=
E:\Program Files\FastReports\FastScript\LibD7\fsADO9.dpk=
E:\Program Files\FastReports\FastScript\LibD7\fsBDE10.bdsproj=
E:\Program Files\FastReports\FastScript\LibD7\fsBDE10.dpk=
E:\Program Files\FastReports\FastScript\LibD7\fsBDE4.dpk=
E:\Program Files\FastReports\FastScript\LibD7\fsBDE5.dpk=
E:\Program Files\FastReports\FastScript\LibD7\fsBDE6.dpk=
E:\Program Files\FastReports\FastScript\LibD7\fsBDE7.bpl=
E:\Program Files\FastReports\FastScript\LibD7\fsBDE7.dcp=
E:\Program Files\FastReports\FastScript\LibD7\fsBDE7.dcu=
E:\Program Files\FastReports\FastScript\LibD7\fsBDE7.dpk=
E:\Program Files\FastReports\FastScript\LibD7\fsBDE9.bdsproj=
E:\Program Files\FastReports\FastScript\LibD7\fsBDE9.dpk=
E:\Program Files\FastReports\FastScript\LibD7\fsDB10.bdsproj=
E:\Program Files\FastReports\FastScript\LibD7\fsDB10.dpk=
E:\Program Files\FastReports\FastScript\LibD7\fsDB4.dpk=
E:\Program Files\FastReports\FastScript\LibD7\fsDB5.dpk=
E:\Program Files\FastReports\FastScript\LibD7\fsDB6.dpk=
E:\Program Files\FastReports\FastScript\LibD7\fsDB7.bpl=
E:\Program Files\FastReports\FastScript\LibD7\fsDB7.dcp=
E:\Program Files\FastReports\FastScript\LibD7\fsDB7.dcu=
E:\Program Files\FastReports\FastScript\LibD7\fsDB7.dpk=
E:\Program Files\FastReports\FastScript\LibD7\fsDB9.bdsproj=
E:\Program Files\FastReports\FastScript\LibD7\fsDB9.dpk=
E:\Program Files\FastReports\FastScript\LibD7\fsIBX10.bdsproj=
E:\Program Files\FastReports\FastScript\LibD7\fsIBX10.dpk=
E:\Program Files\FastReports\FastScript\LibD7\fsIBX5.dpk=
E:\Program Files\FastReports\FastScript\LibD7\fsIBX6.dpk=
E:\Program Files\FastReports\FastScript\LibD7\fsIBX7.bpl=
E:\Program Files\FastReports\FastScript\LibD7\fsIBX7.dcp=
E:\Program Files\FastReports\FastScript\LibD7\fsIBX7.dcu=
E:\Program Files\FastReports\FastScript\LibD7\fsIBX7.dpk=
E:\Program Files\FastReports\FastScript\LibD7\fsIBX9.bdsproj=
E:\Program Files\FastReports\FastScript\LibD7\fsIBX9.dpk=
E:\Program Files\FastReports\FastScript\LibD7\fsTee10.bdsproj=
E:\Program Files\FastReports\FastScript\LibD7\fsTee10.dpk=
E:\Program Files\FastReports\FastScript\LibD7\fsTee4.dpk=
E:\Program Files\FastReports\FastScript\LibD7\fsTee5.dpk=
E:\Program Files\FastReports\FastScript\LibD7\fsTee6.dpk=
E:\Program Files\FastReports\FastScript\LibD7\fsTee7.bpl=
E:\Program Files\FastReports\FastScript\LibD7\fsTee7.dcp=
E:\Program Files\FastReports\FastScript\LibD7\fsTee7.dcu=
E:\Program Files\FastReports\FastScript\LibD7\fsTee7.dpk=
E:\Program Files\FastReports\FastScript\LibD7\fsTee9.bdsproj=
E:\Program Files\FastReports\FastScript\LibD7\fsTee9.dpk=
E:\Program Files\FastReports\FastScript\LibD7\fs_iadoreg.dcu=
E:\Program Files\FastReports\FastScript\LibD7\fs_iadoreg.pas=
E:\Program Files\FastReports\FastScript\LibD7\fs_iadortti.dcu=
E:\Program Files\FastReports\FastScript\LibD7\fs_iadortti.pas=
E:\Program Files\FastReports\FastScript\LibD7\fs_ibasic.dcu=
E:\Program Files\FastReports\FastScript\LibD7\fs_ibdereg.dcu=
E:\Program Files\FastReports\FastScript\LibD7\fs_ibdereg.pas=
E:\Program Files\FastReports\FastScript\LibD7\fs_ibdertti.dcu=
E:\Program Files\FastReports\FastScript\LibD7\fs_ibdertti.pas=
E:\Program Files\FastReports\FastScript\LibD7\fs_ichartrtti.dcu=
E:\Program Files\FastReports\FastScript\LibD7\fs_ichartrtti.pas=
E:\Program Files\FastReports\FastScript\LibD7\fs_iclassesrtti.dcu=
E:\Program Files\FastReports\FastScript\LibD7\fs_iclassesrtti.pas=
E:\Program Files\FastReports\FastScript\LibD7\fs_iconst.dcu=
E:\Program Files\FastReports\FastScript\LibD7\fs_icpp.dcu=
E:\Program Files\FastReports\FastScript\LibD7\fs_idbctrlsrtti.dcu=
E:\Program Files\FastReports\FastScript\LibD7\fs_idbctrlsrtti.pas=
E:\Program Files\FastReports\FastScript\LibD7\fs_idbreg.dcu=
E:\Program Files\FastReports\FastScript\LibD7\fs_idbreg.pas=
E:\Program Files\FastReports\FastScript\LibD7\fs_idbrtti.dcu=
E:\Program Files\FastReports\FastScript\LibD7\fs_idbrtti.pas=
E:\Program Files\FastReports\FastScript\LibD7\fs_idialogsrtti.dcu=
E:\Program Files\FastReports\FastScript\LibD7\fs_idialogsrtti.pas=
E:\Program Files\FastReports\FastScript\LibD7\fs_idisp.dcu=
E:\Program Files\FastReports\FastScript\LibD7\fs_ievents.dcu=
E:\Program Files\FastReports\FastScript\LibD7\fs_iexpression.dcu=
E:\Program Files\FastReports\FastScript\LibD7\fs_iextctrlsrtti.dcu=
E:\Program Files\FastReports\FastScript\LibD7\fs_iextctrlsrtti.pas=
E:\Program Files\FastReports\FastScript\LibD7\fs_iformsrtti.dcu=
E:\Program Files\FastReports\FastScript\LibD7\fs_iformsrtti.pas=
E:\Program Files\FastReports\FastScript\LibD7\fs_igraphicsrtti.dcu=
E:\Program Files\FastReports\FastScript\LibD7\fs_igraphicsrtti.pas=
E:\Program Files\FastReports\FastScript\LibD7\fs_iibxreg.dcu=
E:\Program Files\FastReports\FastScript\LibD7\fs_iibxreg.pas=
E:\Program Files\FastReports\FastScript\LibD7\fs_iibxrtti.dcu=
E:\Program Files\FastReports\FastScript\LibD7\fs_iibxrtti.pas=
E:\Program Files\FastReports\FastScript\LibD7\fs_iilparser.dcu=
E:\Program Files\FastReports\FastScript\LibD7\fs_iinirtti.dcu=
E:\Program Files\FastReports\FastScript\LibD7\fs_iinirtti.pas=
E:\Program Files\FastReports\FastScript\LibD7\fs_iinterpreter.dcu=
E:\Program Files\FastReports\FastScript\LibD7\fs_ijs.dcu=
E:\Program Files\FastReports\FastScript\LibD7\fs_iparser.dcu=
E:\Program Files\FastReports\FastScript\LibD7\fs_ipascal.dcu=
E:\Program Files\FastReports\FastScript\LibD7\fs_ireg.dcr=
E:\Program Files\FastReports\FastScript\LibD7\fs_ireg.dcu=
E:\Program Files\FastReports\FastScript\LibD7\fs_ireg.pas=
E:\Program Files\FastReports\FastScript\LibD7\fs_isysrtti.dcu=
E:\Program Files\FastReports\FastScript\LibD7\fs_isysrtti.pas=
E:\Program Files\FastReports\FastScript\LibD7\fs_iteereg.dcu=
E:\Program Files\FastReports\FastScript\LibD7\fs_iteereg.pas=
E:\Program Files\FastReports\FastScript\LibD7\fs_itools.dcu=
E:\Program Files\FastReports\FastScript\LibD7\fs_synmemo.dcu=
E:\Program Files\FastReports\FastScript\LibD7\fs_synmemo.dfm=
E:\Program Files\FastReports\FastScript\LibD7\fs_tree.dcu=
E:\Program Files\FastReports\FastScript\LibD7\fs_tree.res=
E:\Program Files\FastReports\FastScript\LibD7\fs_xml.dcu=
E:\Program Files\FastReports\FastScript\LibD7\tee.inc=

[{318F1EC1-6454-4ACF-9746-33F4AAE8E28F}.CreateDirs]
E:\Program Files\FastReports\FastScript\Demos=
E:\Program Files\FastReports\FastScript\Demos\Benchmarks=
E:\Program Files\FastReports\FastScript\Demos\C++Demo=
E:\Program Files\FastReports\FastScript\Demos\C++Demo\C++Script=
E:\Program Files\FastReports\FastScript\Demos\Calls=
E:\Program Files\FastReports\FastScript\Demos\DB=
E:\Program Files\FastReports\FastScript\Demos\Main=
E:\Program Files\FastReports\FastScript\Demos\Main\Samples=
E:\Program Files\FastReports\FastScript\Demos\Main\Samples\BasicScript=
E:\Program Files\FastReports\FastScript\Demos\Main\Samples\C++Script=
E:\Program Files\FastReports\FastScript\Demos\Main\Samples\Cross-lang=
E:\Program Files\FastReports\FastScript\Demos\Main\Samples\JScript=
E:\Program Files\FastReports\FastScript\Demos\Main\Samples\PascalScript=
E:\Program Files\FastReports\FastScript\Demos\Simple=

[{318F1EC1-6454-4ACF-9746-33F4AAE8E28F}.CopyFiles]
E:\Program Files\FastReports\FastScript\Demos\Benchmarks\Expressions1.pas=
E:\Program Files\FastReports\FastScript\Demos\Benchmarks\Expressions2.pas=
E:\Program Files\FastReports\FastScript\Demos\Benchmarks\Float1.pas=
E:\Program Files\FastReports\FastScript\Demos\Benchmarks\Float2.pas=
E:\Program Files\FastReports\FastScript\Demos\Benchmarks\Func1.pas=
E:\Program Files\FastReports\FastScript\Demos\Benchmarks\Func2.pas=
E:\Program Files\FastReports\FastScript\Demos\Benchmarks\Func3.pas=
E:\Program Files\FastReports\FastScript\Demos\Benchmarks\Int1.pas=
E:\Program Files\FastReports\FastScript\Demos\Benchmarks\Int2.pas=
E:\Program Files\FastReports\FastScript\Demos\Benchmarks\Objects1.pas=
E:\Program Files\FastReports\FastScript\Demos\Benchmarks\Objects2.pas=
E:\Program Files\FastReports\FastScript\Demos\Benchmarks\String1.pas=
E:\Program Files\FastReports\FastScript\Demos\Benchmarks\String2.pas=
E:\Program Files\FastReports\FastScript\Demos\C++Demo\Project1.bpr=
E:\Program Files\FastReports\FastScript\Demos\C++Demo\Project1.cpp=
E:\Program Files\FastReports\FastScript\Demos\C++Demo\Project1.dsk=
E:\Program Files\FastReports\FastScript\Demos\C++Demo\Project1.exe=
E:\Program Files\FastReports\FastScript\Demos\C++Demo\Project1.res=
E:\Program Files\FastReports\FastScript\Demos\C++Demo\Unit1.cpp=
E:\Program Files\FastReports\FastScript\Demos\C++Demo\Unit1.dfm=
E:\Program Files\FastReports\FastScript\Demos\C++Demo\Unit1.h=
E:\Program Files\FastReports\FastScript\Demos\C++Demo\Unit2.cpp=
E:\Program Files\FastReports\FastScript\Demos\C++Demo\Unit2.dfm=
E:\Program Files\FastReports\FastScript\Demos\C++Demo\Unit2.h=
E:\Program Files\FastReports\FastScript\Demos\C++Demo\C++Script\array.cpp=
E:\Program Files\FastReports\FastScript\Demos\C++Demo\C++Script\case.cpp=
E:\Program Files\FastReports\FastScript\Demos\C++Demo\C++Script\defparams.cpp=
E:\Program Files\FastReports\FastScript\Demos\C++Demo\C++Script\for.cpp=
E:\Program Files\FastReports\FastScript\Demos\C++Demo\C++Script\for1.cpp=
E:\Program Files\FastReports\FastScript\Demos\C++Demo\C++Script\for2.cpp=
E:\Program Files\FastReports\FastScript\Demos\C++Demo\C++Script\if.cpp=
E:\Program Files\FastReports\FastScript\Demos\C++Demo\C++Script\localvar.cpp=
E:\Program Files\FastReports\FastScript\Demos\C++Demo\C++Script\repeat.cpp=
E:\Program Files\FastReports\FastScript\Demos\C++Demo\C++Script\set.cpp=
E:\Program Files\FastReports\FastScript\Demos\C++Demo\C++Script\string.cpp=
E:\Program Files\FastReports\FastScript\Demos\C++Demo\C++Script\while.cpp=
E:\Program Files\FastReports\FastScript\Demos\Calls\Project1.dpr=
E:\Program Files\FastReports\FastScript\Demos\Calls\Project1.res=
E:\Program Files\FastReports\FastScript\Demos\Calls\Unit1.dfm=
E:\Program Files\FastReports\FastScript\Demos\Calls\Unit1.pas=
E:\Program Files\FastReports\FastScript\Demos\DB\Project1.dpr=
E:\Program Files\FastReports\FastScript\Demos\DB\Project1.res=
E:\Program Files\FastReports\FastScript\Demos\DB\Unit1.dfm=
E:\Program Files\FastReports\FastScript\Demos\DB\Unit1.pas=
E:\Program Files\FastReports\FastScript\Demos\Main\1.pas=
E:\Program Files\FastReports\FastScript\Demos\Main\out.xml=
E:\Program Files\FastReports\FastScript\Demos\Main\Project1.dpr=
E:\Program Files\FastReports\FastScript\Demos\Main\Project1.res=
E:\Program Files\FastReports\FastScript\Demos\Main\Unit1.dfm=
E:\Program Files\FastReports\FastScript\Demos\Main\Unit1.pas=
E:\Program Files\FastReports\FastScript\Demos\Main\Unit2.dfm=
E:\Program Files\FastReports\FastScript\Demos\Main\Unit2.pas=
E:\Program Files\FastReports\FastScript\Demos\Main\Samples\BasicScript\array.vb=
E:\Program Files\FastReports\FastScript\Demos\Main\Samples\BasicScript\bmp.vb=
E:\Program Files\FastReports\FastScript\Demos\Main\Samples\BasicScript\case.vb=
E:\Program Files\FastReports\FastScript\Demos\Main\Samples\BasicScript\defparams.vb=
E:\Program Files\FastReports\FastScript\Demos\Main\Samples\BasicScript\doloop.vb=
E:\Program Files\FastReports\FastScript\Demos\Main\Samples\BasicScript\file.vb=
E:\Program Files\FastReports\FastScript\Demos\Main\Samples\BasicScript\for.vb=
E:\Program Files\FastReports\FastScript\Demos\Main\Samples\BasicScript\forms.vb=
E:\Program Files\FastReports\FastScript\Demos\Main\Samples\BasicScript\forms1.vb=
E:\Program Files\FastReports\FastScript\Demos\Main\Samples\BasicScript\if.vb=
E:\Program Files\FastReports\FastScript\Demos\Main\Samples\BasicScript\is.vb=
E:\Program Files\FastReports\FastScript\Demos\Main\Samples\BasicScript\localvar.vb=
E:\Program Files\FastReports\FastScript\Demos\Main\Samples\BasicScript\ole1.vb=
E:\Program Files\FastReports\FastScript\Demos\Main\Samples\BasicScript\ole2.vb=
E:\Program Files\FastReports\FastScript\Demos\Main\Samples\BasicScript\string.vb=
E:\Program Files\FastReports\FastScript\Demos\Main\Samples\BasicScript\testunit.vb=
E:\Program Files\FastReports\FastScript\Demos\Main\Samples\BasicScript\unit1.vb=
E:\Program Files\FastReports\FastScript\Demos\Main\Samples\BasicScript\while.vb=
E:\Program Files\FastReports\FastScript\Demos\Main\Samples\BasicScript\with.vb=
E:\Program Files\FastReports\FastScript\Demos\Main\Samples\C++Script\ARRAY.CPP=
E:\Program Files\FastReports\FastScript\Demos\Main\Samples\C++Script\bmp.cpp=
E:\Program Files\FastReports\FastScript\Demos\Main\Samples\C++Script\CASE.CPP=
E:\Program Files\FastReports\FastScript\Demos\Main\Samples\C++Script\defparams.cpp=
E:\Program Files\FastReports\FastScript\Demos\Main\Samples\C++Script\dowhile.cpp=
E:\Program Files\FastReports\FastScript\Demos\Main\Samples\C++Script\file.cpp=
E:\Program Files\FastReports\FastScript\Demos\Main\Samples\C++Script\FOR.CPP=
E:\Program Files\FastReports\FastScript\Demos\Main\Samples\C++Script\forms.cpp=
E:\Program Files\FastReports\FastScript\Demos\Main\Samples\C++Script\forms1.cpp=
E:\Program Files\FastReports\FastScript\Demos\Main\Samples\C++Script\IF.CPP=
E:\Program Files\FastReports\FastScript\Demos\Main\Samples\C++Script\is.cpp=
E:\Program Files\FastReports\FastScript\Demos\Main\Samples\C++Script\LOCALVAR.CPP=
E:\Program Files\FastReports\FastScript\Demos\Main\Samples\C++Script\ole1.cpp=
E:\Program Files\FastReports\FastScript\Demos\Main\Samples\C++Script\ole2.cpp=
E:\Program Files\FastReports\FastScript\Demos\Main\Samples\C++Script\SET.CPP=
E:\Program Files\FastReports\FastScript\Demos\Main\Samples\C++Script\STRING.CPP=
E:\Program Files\FastReports\FastScript\Demos\Main\Samples\C++Script\testunit.cpp=
E:\Program Files\FastReports\FastScript\Demos\Main\Samples\C++Script\unit1.cpp=
E:\Program Files\FastReports\FastScript\Demos\Main\Samples\C++Script\WHILE.CPP=
E:\Program Files\FastReports\FastScript\Demos\Main\Samples\Cross-lang\TESTUNIT.PAS=
E:\Program Files\FastReports\FastScript\Demos\Main\Samples\Cross-lang\testunit.vb=
E:\Program Files\FastReports\FastScript\Demos\Main\Samples\Cross-lang\unit1.cpp=
E:\Program Files\FastReports\FastScript\Demos\Main\Samples\JScript\array.js=
E:\Program Files\FastReports\FastScript\Demos\Main\Samples\JScript\bmp.js=
E:\Program Files\FastReports\FastScript\Demos\Main\Samples\JScript\case.js=
E:\Program Files\FastReports\FastScript\Demos\Main\Samples\JScript\dowhile.js=
E:\Program Files\FastReports\FastScript\Demos\Main\Samples\JScript\file.js=
E:\Program Files\FastReports\FastScript\Demos\Main\Samples\JScript\for.js=
E:\Program Files\FastReports\FastScript\Demos\Main\Samples\JScript\forms.js=
E:\Program Files\FastReports\FastScript\Demos\Main\Samples\JScript\forms1.js=
E:\Program Files\FastReports\FastScript\Demos\Main\Samples\JScript\if.js=
E:\Program Files\FastReports\FastScript\Demos\Main\Samples\JScript\is.js=
E:\Program Files\FastReports\FastScript\Demos\Main\Samples\JScript\localvar.js=
E:\Program Files\FastReports\FastScript\Demos\Main\Samples\JScript\ole1.js=
E:\Program Files\FastReports\FastScript\Demos\Main\Samples\JScript\ole2.js=
E:\Program Files\FastReports\FastScript\Demos\Main\Samples\JScript\string.js=
E:\Program Files\FastReports\FastScript\Demos\Main\Samples\JScript\testunit.js=
E:\Program Files\FastReports\FastScript\Demos\Main\Samples\JScript\unit1.js=
E:\Program Files\FastReports\FastScript\Demos\Main\Samples\JScript\while.js=
E:\Program Files\FastReports\FastScript\Demos\Main\Samples\PascalScript\ARRAY.PAS=
E:\Program Files\FastReports\FastScript\Demos\Main\Samples\PascalScript\BMP.PAS=
E:\Program Files\FastReports\FastScript\Demos\Main\Samples\PascalScript\CASE.PAS=
E:\Program Files\FastReports\FastScript\Demos\Main\Samples\PascalScript\defparams.pas=
E:\Program Files\FastReports\FastScript\Demos\Main\Samples\PascalScript\dynamicarray.pas=
E:\Program Files\FastReports\FastScript\Demos\Main\Samples\PascalScript\FILE.PAS=
E:\Program Files\FastReports\FastScript\Demos\Main\Samples\PascalScript\FOR.PAS=
E:\Program Files\FastReports\FastScript\Demos\Main\Samples\PascalScript\FOR1.PAS=
E:\Program Files\FastReports\FastScript\Demos\Main\Samples\PascalScript\FORMS.PAS=
E:\Program Files\FastReports\FastScript\Demos\Main\Samples\PascalScript\FORMS1.PAS=
E:\Program Files\FastReports\FastScript\Demos\Main\Samples\PascalScript\IF.PAS=
E:\Program Files\FastReports\FastScript\Demos\Main\Samples\PascalScript\IS.PAS=
E:\Program Files\FastReports\FastScript\Demos\Main\Samples\PascalScript\LOCALVAR.PAS=
E:\Program Files\FastReports\FastScript\Demos\Main\Samples\PascalScript\nestedproc.pas=
E:\Program Files\FastReports\FastScript\Demos\Main\Samples\PascalScript\ole1.pas=
E:\Program Files\FastReports\FastScript\Demos\Main\Samples\PascalScript\ole2.pas=
E:\Program Files\FastReports\FastScript\Demos\Main\Samples\PascalScript\REPEAT.PAS=
E:\Program Files\FastReports\FastScript\Demos\Main\Samples\PascalScript\SET.PAS=
E:\Program Files\FastReports\FastScript\Demos\Main\Samples\PascalScript\STRING.PAS=
E:\Program Files\FastReports\FastScript\Demos\Main\Samples\PascalScript\TESTUNIT.PAS=
E:\Program Files\FastReports\FastScript\Demos\Main\Samples\PascalScript\UNIT1.PAS=
E:\Program Files\FastReports\FastScript\Demos\Main\Samples\PascalScript\unit2.pas=
E:\Program Files\FastReports\FastScript\Demos\Main\Samples\PascalScript\vararray.pas=
E:\Program Files\FastReports\FastScript\Demos\Main\Samples\PascalScript\WHILE.PAS=
E:\Program Files\FastReports\FastScript\Demos\Main\Samples\PascalScript\WITH.PAS=
E:\Program Files\FastReports\FastScript\Demos\Simple\Project1.dpr=
E:\Program Files\FastReports\FastScript\Demos\Simple\Project1.res=
E:\Program Files\FastReports\FastScript\Demos\Simple\Unit1.dfm=
E:\Program Files\FastReports\FastScript\Demos\Simple\Unit1.pas=

[{D59AAF22-6222-4712-B0F5-3C00DC58EA81}.CopyFiles]
E:\WINDOWS\system32\fs7.bpl=

[{BD66B9BA-3ABE-4FC2-9567-0F3A8B882C21}.CopyFiles]
E:\Program Files\FastReports\FastScript\LibD7\dclfsDB7.bpl=

[{268B95A8-E784-4538-8A62-E3B26A493A22}.CopyFiles]
E:\WINDOWS\system32\fsDB7.bpl=

[{BD66B9BA-3ABE-4FC2-9567-0F3A8B882C20}.CopyFiles]
E:\Program Files\FastReports\FastScript\LibD7\dclfsADO7.bpl=

[{268B95A8-E784-4538-8A62-E3B26A493A2A}.CopyFiles]
E:\WINDOWS\system32\fsADO7.bpl=

[{AFB79FA5-942B-41A5-8932-F5FEB829A1DB}.CopyFiles]
E:\Program Files\FastReports\FastScript\LibD7\dclfsBDE7.bpl=

[{722A0976-731A-4069-B970-26138E198BB1}.CopyFiles]
E:\WINDOWS\system32\fsBDE7.bpl=

[{A58FF6CE-0E68-4F5B-A0F7-78786A3BE082}.CopyFiles]
E:\Program Files\FastReports\FastScript\LibD7\dclfsIBX7.bpl=

[{3EDCD277-C478-4654-95C1-8DFDA74D7FF8}.CopyFiles]
E:\WINDOWS\system32\fsIBX7.bpl=

[{E7935B21-C0F0-4CD6-BBE7-A7AF8D347A80}.CreateDirs]
E:\Program Files\FastReports\FastScript\Source=

[{E7935B21-C0F0-4CD6-BBE7-A7AF8D347A80}.CopyFiles]
E:\Program Files\FastReports\FastScript\Source\dclfs10.bdsproj=
E:\Program Files\FastReports\FastScript\Source\dclfs10.dpk=
E:\Program Files\FastReports\FastScript\Source\dclfs4.dpk=
E:\Program Files\FastReports\FastScript\Source\dclfs5.dpk=
E:\Program Files\FastReports\FastScript\Source\dclfs6.dpk=
E:\Program Files\FastReports\FastScript\Source\dclfs7.dpk=
E:\Program Files\FastReports\FastScript\Source\dclfs9.bdsproj=
E:\Program Files\FastReports\FastScript\Source\dclfs9.dpk=
E:\Program Files\FastReports\FastScript\Source\dclfsADO10.bdsproj=
E:\Program Files\FastReports\FastScript\Source\dclfsADO10.dpk=
E:\Program Files\FastReports\FastScript\Source\dclfsADO5.dpk=
E:\Program Files\FastReports\FastScript\Source\dclfsADO6.dpk=
E:\Program Files\FastReports\FastScript\Source\dclfsADO7.dpk=
E:\Program Files\FastReports\FastScript\Source\dclfsADO9.bdsproj=
E:\Program Files\FastReports\FastScript\Source\dclfsADO9.dpk=
E:\Program Files\FastReports\FastScript\Source\dclfsBDE10.bdsproj=
E:\Program Files\FastReports\FastScript\Source\dclfsBDE10.dpk=
E:\Program Files\FastReports\FastScript\Source\dclfsBDE4.dpk=
E:\Program Files\FastReports\FastScript\Source\dclfsBDE5.dpk=
E:\Program Files\FastReports\FastScript\Source\dclfsBDE6.dpk=
E:\Program Files\FastReports\FastScript\Source\dclfsBDE7.dpk=
E:\Program Files\FastReports\FastScript\Source\dclfsBDE9.bdsproj=
E:\Program Files\FastReports\FastScript\Source\dclfsBDE9.dpk=
E:\Program Files\FastReports\FastScript\Source\dclfsDB10.bdsproj=
E:\Program Files\FastReports\FastScript\Source\dclfsDB10.dpk=
E:\Program Files\FastReports\FastScript\Source\dclfsDB4.dpk=
E:\Program Files\FastReports\FastScript\Source\dclfsDB5.dpk=
E:\Program Files\FastReports\FastScript\Source\dclfsDB6.dpk=
E:\Program Files\FastReports\FastScript\Source\dclfsDB7.dpk=
E:\Program Files\FastReports\FastScript\Source\dclfsDB9.bdsproj=
E:\Program Files\FastReports\FastScript\Source\dclfsDB9.dpk=
E:\Program Files\FastReports\FastScript\Source\dclfsIBX10.bdsproj=
E:\Program Files\FastReports\FastScript\Source\dclfsIBX10.dpk=
E:\Program Files\FastReports\FastScript\Source\dclfsIBX5.dpk=
E:\Program Files\FastReports\FastScript\Source\dclfsIBX6.dpk=
E:\Program Files\FastReports\FastScript\Source\dclfsIBX7.dpk=
E:\Program Files\FastReports\FastScript\Source\dclfsIBX9.bdsproj=
E:\Program Files\FastReports\FastScript\Source\dclfsIBX9.dpk=
E:\Program Files\FastReports\FastScript\Source\dclfsTee10.bdsproj=
E:\Program Files\FastReports\FastScript\Source\dclfsTee10.dpk=
E:\Program Files\FastReports\FastScript\Source\dclfsTee4.dpk=
E:\Program Files\FastReports\FastScript\Source\dclfsTee5.dpk=
E:\Program Files\FastReports\FastScript\Source\dclfsTee6.dpk=
E:\Program Files\FastReports\FastScript\Source\dclfsTee7.dpk=
E:\Program Files\FastReports\FastScript\Source\dclfsTee9.bdsproj=
E:\Program Files\FastReports\FastScript\Source\dclfsTee9.dpk=
E:\Program Files\FastReports\FastScript\Source\dclfsx.dpk=
E:\Program Files\FastReports\FastScript\Source\dclfsx.res=
E:\Program Files\FastReports\FastScript\Source\fs.inc=
E:\Program Files\FastReports\FastScript\Source\fs10.bdsproj=
E:\Program Files\FastReports\FastScript\Source\fs10.dpk=
E:\Program Files\FastReports\FastScript\Source\fs4.bpk=
E:\Program Files\FastReports\FastScript\Source\fs4.cpp=
E:\Program Files\FastReports\FastScript\Source\fs4.dpk=
E:\Program Files\FastReports\FastScript\Source\fs4.res=
E:\Program Files\FastReports\FastScript\Source\fs5.bpk=
E:\Program Files\FastReports\FastScript\Source\fs5.cpp=
E:\Program Files\FastReports\FastScript\Source\fs5.dpk=
E:\Program Files\FastReports\FastScript\Source\fs5.res=
E:\Program Files\FastReports\FastScript\Source\fs6.bpk=
E:\Program Files\FastReports\FastScript\Source\fs6.cpp=
E:\Program Files\FastReports\FastScript\Source\fs6.dpk=
E:\Program Files\FastReports\FastScript\Source\fs6.res=
E:\Program Files\FastReports\FastScript\Source\fs7.dpk=
E:\Program Files\FastReports\FastScript\Source\fs9.bdsproj=
E:\Program Files\FastReports\FastScript\Source\fs9.dpk=
E:\Program Files\FastReports\FastScript\Source\fsADO10.bdsproj=
E:\Program Files\FastReports\FastScript\Source\fsADO10.dpk=
E:\Program Files\FastReports\FastScript\Source\fsADO5.bpk=
E:\Program Files\FastReports\FastScript\Source\fsADO5.cpp=
E:\Program Files\FastReports\FastScript\Source\fsADO5.dpk=
E:\Program Files\FastReports\FastScript\Source\fsADO6.bpk=
E:\Program Files\FastReports\FastScript\Source\fsADO6.cpp=
E:\Program Files\FastReports\FastScript\Source\fsADO6.dpk=
E:\Program Files\FastReports\FastScript\Source\fsADO7.dpk=
E:\Program Files\FastReports\FastScript\Source\fsADO9.bdsproj=
E:\Program Files\FastReports\FastScript\Source\fsADO9.dpk=
E:\Program Files\FastReports\FastScript\Source\fsBDE10.bdsproj=
E:\Program Files\FastReports\FastScript\Source\fsBDE10.dpk=
E:\Program Files\FastReports\FastScript\Source\fsBDE4.bpk=
E:\Program Files\FastReports\FastScript\Source\fsBDE4.cpp=
E:\Program Files\FastReports\FastScript\Source\fsBDE4.dpk=
E:\Program Files\FastReports\FastScript\Source\fsBDE5.bpk=
E:\Program Files\FastReports\FastScript\Source\fsBDE5.cpp=
E:\Program Files\FastReports\FastScript\Source\fsBDE5.dpk=
E:\Program Files\FastReports\FastScript\Source\fsBDE6.bpk=
E:\Program Files\FastReports\FastScript\Source\fsBDE6.cpp=
E:\Program Files\FastReports\FastScript\Source\fsBDE6.dpk=
E:\Program Files\FastReports\FastScript\Source\fsBDE7.dpk=
E:\Program Files\FastReports\FastScript\Source\fsBDE9.bdsproj=
E:\Program Files\FastReports\FastScript\Source\fsBDE9.dpk=
E:\Program Files\FastReports\FastScript\Source\fsDB10.bdsproj=
E:\Program Files\FastReports\FastScript\Source\fsDB10.dpk=
E:\Program Files\FastReports\FastScript\Source\fsDB4.bpk=
E:\Program Files\FastReports\FastScript\Source\fsDB4.cpp=
E:\Program Files\FastReports\FastScript\Source\fsDB4.dpk=
E:\Program Files\FastReports\FastScript\Source\fsDB5.bpk=
E:\Program Files\FastReports\FastScript\Source\fsDB5.cpp=
E:\Program Files\FastReports\FastScript\Source\fsDB5.dpk=
E:\Program Files\FastReports\FastScript\Source\fsDB6.bpk=
E:\Program Files\FastReports\FastScript\Source\fsDB6.cpp=
E:\Program Files\FastReports\FastScript\Source\fsDB6.dpk=
E:\Program Files\FastReports\FastScript\Source\fsDB7.dpk=
E:\Program Files\FastReports\FastScript\Source\fsDB9.bdsproj=
E:\Program Files\FastReports\FastScript\Source\fsDB9.dpk=
E:\Program Files\FastReports\FastScript\Source\fsIBX10.bdsproj=
E:\Program Files\FastReports\FastScript\Source\fsIBX10.dpk=
E:\Program Files\FastReports\FastScript\Source\fsIBX5.bpk=
E:\Program Files\FastReports\FastScript\Source\fsIBX5.cpp=
E:\Program Files\FastReports\FastScript\Source\fsIBX5.dpk=
E:\Program Files\FastReports\FastScript\Source\fsIBX6.bpk=
E:\Program Files\FastReports\FastScript\Source\fsIBX6.cpp=
E:\Program Files\FastReports\FastScript\Source\fsIBX6.dpk=
E:\Program Files\FastReports\FastScript\Source\fsIBX7.dpk=
E:\Program Files\FastReports\FastScript\Source\fsIBX9.bdsproj=
E:\Program Files\FastReports\FastScript\Source\fsIBX9.dpk=
E:\Program Files\FastReports\FastScript\Source\fsTee10.bdsproj=
E:\Program Files\FastReports\FastScript\Source\fsTee10.dpk=
E:\Program Files\FastReports\FastScript\Source\fsTee4.bpk=
E:\Program Files\FastReports\FastScript\Source\fsTee4.cpp=
E:\Program Files\FastReports\FastScript\Source\fsTee4.dpk=
E:\Program Files\FastReports\FastScript\Source\fsTee5.bpk=
E:\Program Files\FastReports\FastScript\Source\fsTee5.cpp=
E:\Program Files\FastReports\FastScript\Source\fsTee5.dpk=
E:\Program Files\FastReports\FastScript\Source\fsTee6.bpk=
E:\Program Files\FastReports\FastScript\Source\fsTee6.cpp=
E:\Program Files\FastReports\FastScript\Source\fsTee6.dpk=
E:\Program Files\FastReports\FastScript\Source\fsTee7.dpk=
E:\Program Files\FastReports\FastScript\Source\fsTee9.bdsproj=
E:\Program Files\FastReports\FastScript\Source\fsTee9.dpk=
E:\Program Files\FastReports\FastScript\Source\fsx.dpk=
E:\Program Files\FastReports\FastScript\Source\fsx.res=
E:\Program Files\FastReports\FastScript\Source\fs_iadoreg.pas=
E:\Program Files\FastReports\FastScript\Source\fs_iadortti.pas=
E:\Program Files\FastReports\FastScript\Source\fs_ibasic.pas=
E:\Program Files\FastReports\FastScript\Source\fs_ibdereg.pas=
E:\Program Files\FastReports\FastScript\Source\fs_ibdertti.pas=
E:\Program Files\FastReports\FastScript\Source\fs_ichartrtti.pas=
E:\Program Files\FastReports\FastScript\Source\fs_iclassesrtti.pas=
E:\Program Files\FastReports\FastScript\Source\fs_iconst.pas=
E:\Program Files\FastReports\FastScript\Source\fs_icpp.pas=
E:\Program Files\FastReports\FastScript\Source\fs_idbctrlsrtti.pas=
E:\Program Files\FastReports\FastScript\Source\fs_idbreg.pas=
E:\Program Files\FastReports\FastScript\Source\fs_idbrtti.pas=
E:\Program Files\FastReports\FastScript\Source\fs_idialogsrtti.pas=
E:\Program Files\FastReports\FastScript\Source\fs_idisp.pas=
E:\Program Files\FastReports\FastScript\Source\fs_ievents.pas=
E:\Program Files\FastReports\FastScript\Source\fs_iexpression.pas=
E:\Program Files\FastReports\FastScript\Source\fs_iextctrlsrtti.pas=
E:\Program Files\FastReports\FastScript\Source\fs_iformsrtti.pas=
E:\Program Files\FastReports\FastScript\Source\fs_igraphicsrtti.pas=
E:\Program Files\FastReports\FastScript\Source\fs_iibxreg.pas=
E:\Program Files\FastReports\FastScript\Source\fs_iibxrtti.pas=
E:\Program Files\FastReports\FastScript\Source\fs_iilparser.pas=
E:\Program Files\FastReports\FastScript\Source\fs_iinirtti.pas=
E:\Program Files\FastReports\FastScript\Source\fs_iinterpreter.pas=
E:\Program Files\FastReports\FastScript\Source\fs_ijs.pas=
E:\Program Files\FastReports\FastScript\Source\fs_iparser.pas=
E:\Program Files\FastReports\FastScript\Source\fs_ipascal.pas=
E:\Program Files\FastReports\FastScript\Source\fs_ireg.dcr=
E:\Program Files\FastReports\FastScript\Source\fs_ireg.pas=
E:\Program Files\FastReports\FastScript\Source\fs_isysrtti.pas=
E:\Program Files\FastReports\FastScript\Source\fs_iteereg.pas=
E:\Program Files\FastReports\FastScript\Source\fs_itools.pas=
E:\Program Files\FastReports\FastScript\Source\fs_synmemo.dfm=
E:\Program Files\FastReports\FastScript\Source\fs_synmemo.pas=
E:\Program Files\FastReports\FastScript\Source\fs_tree.pas=
E:\Program Files\FastReports\FastScript\Source\fs_tree.res=
E:\Program Files\FastReports\FastScript\Source\fs_xml.pas=
E:\Program Files\FastReports\FastScript\Source\tee.inc=

[{BD66B9BA-3ABE-4FC2-9567-0F3A8B882C31}.CopyFiles]
E:\WINDOWS\system32\fstee7.bpl=

[{268B95A8-E784-4538-8A62-E3B26A493A32}.CopyFiles]
E:\Program Files\FastReports\FastScript\LibD7\dclfstee7.bpl=

[{5FAA95C2-583D-4E6F-A205-BC065B4C880F}.CopyFiles]
E:\Program Files\FastReports\FastScript\changes.txt=
E:\Program Files\FastReports\FastScript\Dealers.rus=
E:\Program Files\FastReports\FastScript\Dealers.txt=
E:\Program Files\FastReports\FastScript\FILE_ID.DIZ=
E:\Program Files\FastReports\FastScript\License.rus=
E:\Program Files\FastReports\FastScript\license.txt=
E:\Program Files\FastReports\FastScript\Readme.rus=
E:\Program Files\FastReports\FastScript\README.TXT=
E:\Program Files\FastReports\FastScript\Setup.rus=
E:\Program Files\FastReports\FastScript\Setup.txt=
E:\Program Files\FastReports\FastScript\setup_reg.rus=
E:\Program Files\FastReports\FastScript\setup_reg.txt=
E:\Program Files\FastReports\FastScript\Languages\fs_icpp.xml=
E:\Program Files\FastReports\FastScript\Languages\fs_ijs.xml=
E:\Program Files\FastReports\FastScript\Languages\fs_ipascal.xml=
E:\Program Files\FastReports\FastScript\Languages\fs_ivb.xml=
E:\Program Files\FastReports\FastScript\Languages\MakeResStr\Project1.dpr=
E:\Program Files\FastReports\FastScript\Languages\MakeResStr\Project1.res=
E:\Program Files\FastReports\FastScript\Languages\MakeResStr\Unit1.dfm=
E:\Program Files\FastReports\FastScript\Languages\MakeResStr\Unit1.pas=
E:\Program Files\FastReports\FastScript\frx_icon.ico=
E:\Program Files\FastReports\FastScript\Doc\FS_en.rtf=
E:\Program Files\FastReports\FastScript\Doc\FS_ru.rtf=
E:\Program Files\FastReports\FastScript\Help\FS.CNT=
E:\Program Files\FastReports\FastScript\Help\FS.HLP=

[{5FAA95C2-583D-4E6F-A205-BC065B4C880F}.CreateDirs]
E:\Program Files\FastReports\FastScript\Languages=
E:\Program Files\FastReports\FastScript\Languages\MakeResStr=
E:\Program Files\FastReports\FastScript\Doc=
E:\Program Files\FastReports\FastScript\Help=
E:\Documents and Settings\Zaitsev\Главное меню\Программы\FastReports=
E:\Documents and Settings\Zaitsev\Главное меню\Программы\FastReports\FastScript=

[{F6A176B4-CCD1-4C9C-A924-C37792A5CB8D}.AddReg]
HKCU\Software\Borland\Delphi\7.0\Known Packages\'E:\Program Files\FastReports\FastScript\LibD7\dclfs7.bpl'=

[{BD66B9BA-3ABE-4FC2-9567-0F3A8B882C21}.AddReg]
HKCU\Software\Borland\Delphi\7.0\Known Packages\'E:\Program Files\FastReports\FastScript\LibD7\dclfsDB7.bpl'=

[{BD66B9BA-3ABE-4FC2-9567-0F3A8B882C20}.AddReg]
HKCU\Software\Borland\Delphi\7.0\Known Packages\'E:\Program Files\FastReports\FastScript\LibD7\dclfsado7.bpl'=

[{AFB79FA5-942B-41A5-8932-F5FEB829A1DB}.AddReg]
HKCU\Software\Borland\Delphi\7.0\Known Packages\'E:\Program Files\FastReports\FastScript\LibD7\dclfsbde7.bpl'=

[{A58FF6CE-0E68-4F5B-A0F7-78786A3BE082}.AddReg]
HKCU\Software\Borland\Delphi\7.0\Known Packages\'E:\Program Files\FastReports\FastScript\LibD7\dclfsibx7.bpl'=

[{268B95A8-E784-4538-8A62-E3B26A493A32}.AddReg]
HKCU\Software\Borland\Delphi\7.0\Known Packages\'E:\Program Files\FastReports\FastScript\LibD7\dclfstee7.bpl'=

[{5FAA95C2-583D-4E6F-A205-BC065B4C880F}.Shortcuts]
E:\Documents and Settings\Zaitsev\Главное меню\Программы\FastReports\FastScript\Help.lnk=
E:\Documents and Settings\Zaitsev\Главное меню\Программы\FastReports\FastScript\Documentation.lnk=
E:\Documents and Settings\Zaitsev\Главное меню\Программы\FastReports\FastScript\License.lnk=
E:\Documents and Settings\Zaitsev\Главное меню\Программы\FastReports\FastScript\Readme.lnk=
E:\Documents and Settings\Zaitsev\Главное меню\Программы\FastReports\FastScript\Changes.lnk=
E:\Documents and Settings\Zaitsev\Главное меню\Программы\FastReports\FastScript\Fast Reports site.lnk=
E:\Documents and Settings\Zaitsev\Главное меню\Программы\FastReports\FastScript\Uninstall.lnk=

