BUILD: Computing Include file dependencies:
BUILD: Examining c:\projects\windows\hook\mklif\mklapi directory for files to compile.
skipping post pass 0 command
Compiling c:\projects\windows\hook\mklif\mklapi *************
'nmake.exe /nologo BUILDMSG=Stop. -i BUILD_PASS=PASS1 NOLINK=1 NOPASS0=1 MAKEDIR_RELATIVE_TO_BASEDIR='
c:\projects\windows\hook\mklif\mklapi: TARGETPATH is ..\..\..\..\out\mklif\chk
BUILDMSG: _NT_TARGET_VERSION SET TO WINXP
 cl.exe @c:\projects\windows\hook\mklif\mklapi\objchk_wxp_x86\i386\cl.rsp
Microsoft (R) 32-bit C/C++ Optimizing Compiler Version 14.00.50727.278 for 80x86
Copyright (C) Microsoft Corporation.  All rights reserved.
cl /Fo"c:\projects\windows\hook\mklif\mklapi\objchk_wxp_x86\i386/"
 /FC
 /Ii386
 /I.
 /IC:\WinDDK\6001.17120\inc\ddk
 /IC:\WinDDK\6001.17120\inc\ddk
 /Ic:\projects\windows\hook\mklif\mklapi\objchk_wxp_x86\i386
 /IC:\WinDDK\6001.17120\inc\api
 /IC:\WinDDK\6001.17120\inc\api
 /IC:\WinDDK\6001.17120\inc\crt
 /D_X86_=1
 /Di386=1
 /DSTD_CALL
 /DCONDITION_HANDLING=1
 /DNT_INST=0
 /DWIN32=100
 /D_NT1X_=100
 /DWINNT=1
 /D_WIN32_WINNT=0x0501
 /DWINVER=0x0501
 /D_WIN32_IE=0x0603
 /DWIN32_LEAN_AND_MEAN=1
 /DDEVL=1
 /DDBG=1
 /D__BUILDMACHINE__=WinDDK
 /DFPO=0
 /D_DLL=1
 /D_MT=1
 -DUNICODE
 -D_UNICODE
 /DDEPRECATE_DDK_FUNCTIONS=1
 /DMSC_NOOPT
 /DNTDDI_VERSION=0x05010200
 /c
 /Zc:wchar_t-
 /Zl
 /Zp8
 /Gy
 /Gm-
 /W3
 /Gz
 /hotpatch
 /EHs-c-
 /GR-
 /GF
 /GS
 /Z7
 /Od
 /Oi
 /Oy-
 /Z7
 /DKMDF_MAJOR_VERSION=01
 /DKMDF_MINOR_VERSION=007
 /FIC:\WinDDK\6001.17120\inc\api\warning.h
 .\mklapi.c 
mklapi.c
mkl_debug - _CHECK_DRV_OUTPUT enabled
 link.exe /lib /out:..\..\..\..\out\mklif\chk\i386\mklapi.lib /IGNORE:4198,4010,4037,4039,4065,4070,4078,4087,4089,4221  /WX /nodefaultlib /machine:ix86 @c:\projects\windows\hook\mklif\mklapi\objchk_wxp_x86\i386\lib.rsp
Microsoft (R) Library Manager Version 8.00.50727.278
Copyright (C) Microsoft Corporation.  All rights reserved.
c:\projects\windows\hook\mklif\mklapi\objchk_wxp_x86\i386\mklapi.obj 
