This file contains any messages produced by compilers while
running configure, to aid debugging if configure makes a mistake.

It was created by libmspack configure 0.0.20040308alpha, which was
generated by GNU Autoconf 2.59.  Invocation command line was

  $ ./configure 

## --------- ##
## Platform. ##
## --------- ##

hostname = damir_mdk10_1
uname -m = i686
uname -r = 2.6.3-7mdksmp
uname -s = Linux
uname -v = #1 SMP Wed Mar 17 14:24:28 CET 2004

/usr/bin/uname -p = unknown
/bin/uname -X     = unknown

/bin/arch              = i686
/usr/bin/arch -k       = unknown
/usr/convex/getsysinfo = unknown
hostinfo               = unknown
/bin/machine           = unknown
/usr/bin/oslevel       = unknown
/bin/universe          = unknown

PATH: /usr/local/bin
PATH: /bin
PATH: /usr/bin
PATH: /usr/X11R6/bin


## ----------- ##
## Core tests. ##
## ----------- ##

configure:1552: checking for a BSD-compatible install
configure:1607: result: /usr/bin/install -c
configure:1618: checking whether build environment is sane
configure:1661: result: yes
configure:1685: WARNING: `missing' script is too old or missing
configure:1718: checking for gawk
configure:1734: found /bin/gawk
configure:1744: result: gawk
configure:1754: checking whether make sets $(MAKE)
configure:1774: result: yes
configure:1989: checking for gcc
configure:2005: found /usr/bin/gcc
configure:2015: result: gcc
configure:2259: checking for C compiler version
configure:2262: gcc --version </dev/null >&5
gcc (GCC) 3.3.2 (Mandrake Linux 10.0 3.3.2-6mdk)
Copyright (C) 2003 Free Software Foundation, Inc.
This is free software; see the source for copying conditions.  There is NO
warranty; not even for MERCHANTABILITY or FITNESS FOR A PARTICULAR PURPOSE.

configure:2265: $? = 0
configure:2267: gcc -v </dev/null >&5
Reading specs from /usr/lib/gcc-lib/i586-mandrake-linux-gnu/3.3.2/specs
Configured with: ../configure --prefix=/usr --libdir=/usr/lib --with-slibdir=/lib --mandir=/usr/share/man --infodir=/usr/share/info --enable-shared --enable-threads=posix --disable-checking --enable-long-long --enable-__cxa_atexit --enable-clocale=gnu --enable-languages=c,c++,ada,f77,objc,java,pascal --host=i586-mandrake-linux-gnu --with-system-zlib
Thread model: posix
gcc version 3.3.2 (Mandrake Linux 10.0 3.3.2-6mdk)
configure:2270: $? = 0
configure:2272: gcc -V </dev/null >&5
gcc: `-V' option must have argument
configure:2275: $? = 1
configure:2298: checking for C compiler default output file name
configure:2301: gcc    conftest.c  >&5
configure:2304: $? = 0
configure:2350: result: a.out
configure:2355: checking whether the C compiler works
configure:2361: ./a.out
configure:2364: $? = 0
configure:2381: result: yes
configure:2388: checking whether we are cross compiling
configure:2390: result: no
configure:2393: checking for suffix of executables
configure:2395: gcc -o conftest    conftest.c  >&5
configure:2398: $? = 0
configure:2423: result: 
configure:2429: checking for suffix of object files
configure:2450: gcc -c   conftest.c >&5
configure:2453: $? = 0
configure:2475: result: o
configure:2479: checking whether we are using the GNU C compiler
configure:2503: gcc -c   conftest.c >&5
configure:2509: $? = 0
configure:2512: test -z 			 || test ! -s conftest.err
configure:2515: $? = 0
configure:2518: test -s conftest.o
configure:2521: $? = 0
configure:2534: result: yes
configure:2540: checking whether gcc accepts -g
configure:2561: gcc -c -g  conftest.c >&5
configure:2567: $? = 0
configure:2570: test -z 			 || test ! -s conftest.err
configure:2573: $? = 0
configure:2576: test -s conftest.o
configure:2579: $? = 0
configure:2590: result: yes
configure:2607: checking for gcc option to accept ANSI C
configure:2677: gcc  -c -g -O2  conftest.c >&5
configure:2683: $? = 0
configure:2686: test -z 			 || test ! -s conftest.err
configure:2689: $? = 0
configure:2692: test -s conftest.o
configure:2695: $? = 0
configure:2713: result: none needed
configure:2731: gcc -c -g -O2  conftest.c >&5
conftest.c:2: error: parse error before "me"
configure:2737: $? = 1
configure: failed program was:
| #ifndef __cplusplus
|   choke me
| #endif
configure:2878: checking for style of include used by make
configure:2906: result: GNU
configure:2934: checking dependency style of gcc
configure:3017: result: gcc3
configure:3047: checking for a BSD-compatible install
configure:3102: result: /usr/bin/install -c
configure:3191: checking build system type
configure:3209: result: i686-pc-linux-gnu
configure:3217: checking host system type
configure:3231: result: i686-pc-linux-gnu
configure:3239: checking for a sed that does not truncate output
configure:3293: result: /bin/sed
configure:3296: checking for egrep
configure:3306: result: grep -E
configure:3322: checking for ld used by gcc
configure:3389: result: /usr/bin/ld
configure:3398: checking if the linker (/usr/bin/ld) is GNU ld
configure:3413: result: yes
configure:3418: checking for /usr/bin/ld option to reload object files
configure:3425: result: -r
configure:3434: checking for BSD-compatible nm
configure:3476: result: /usr/bin/nm -B
configure:3480: checking whether ln -s works
configure:3484: result: yes
configure:3491: checking how to recognise dependent libraries
configure:3665: result: pass_all
configure:3878: checking how to run the C preprocessor
configure:3913: gcc -E  conftest.c
configure:3919: $? = 0
configure:3951: gcc -E  conftest.c
conftest.c:11:28: ac_nonexistent.h: No such file or directory
configure:3957: $? = 1
configure: failed program was:
| /* confdefs.h.  */
| 
| #define PACKAGE_NAME "libmspack"
| #define PACKAGE_TARNAME "libmspack"
| #define PACKAGE_VERSION "0.0.20040308alpha"
| #define PACKAGE_STRING "libmspack 0.0.20040308alpha"
| #define PACKAGE_BUGREPORT "kyzer@4u.net"
| #define PACKAGE "libmspack"
| #define VERSION "0.0.20040308alpha"
| /* end confdefs.h.  */
| #include <ac_nonexistent.h>
configure:3996: result: gcc -E
configure:4020: gcc -E  conftest.c
configure:4026: $? = 0
configure:4058: gcc -E  conftest.c
conftest.c:11:28: ac_nonexistent.h: No such file or directory
configure:4064: $? = 1
configure: failed program was:
| /* confdefs.h.  */
| 
| #define PACKAGE_NAME "libmspack"
| #define PACKAGE_TARNAME "libmspack"
| #define PACKAGE_VERSION "0.0.20040308alpha"
| #define PACKAGE_STRING "libmspack 0.0.20040308alpha"
| #define PACKAGE_BUGREPORT "kyzer@4u.net"
| #define PACKAGE "libmspack"
| #define VERSION "0.0.20040308alpha"
| /* end confdefs.h.  */
| #include <ac_nonexistent.h>
configure:4108: checking for ANSI C header files
configure:4133: gcc -c -g -O2  conftest.c >&5
configure:4139: $? = 0
configure:4142: test -z 			 || test ! -s conftest.err
configure:4145: $? = 0
configure:4148: test -s conftest.o
configure:4151: $? = 0
configure:4237: gcc -o conftest -g -O2   conftest.c  >&5
configure:4240: $? = 0
configure:4242: ./conftest
configure:4245: $? = 0
configure:4260: result: yes
configure:4284: checking for sys/types.h
configure:4300: gcc -c -g -O2  conftest.c >&5
configure:4306: $? = 0
configure:4309: test -z 			 || test ! -s conftest.err
configure:4312: $? = 0
configure:4315: test -s conftest.o
configure:4318: $? = 0
configure:4329: result: yes
configure:4284: checking for sys/stat.h
configure:4300: gcc -c -g -O2  conftest.c >&5
configure:4306: $? = 0
configure:4309: test -z 			 || test ! -s conftest.err
configure:4312: $? = 0
configure:4315: test -s conftest.o
configure:4318: $? = 0
configure:4329: result: yes
configure:4284: checking for stdlib.h
configure:4300: gcc -c -g -O2  conftest.c >&5
configure:4306: $? = 0
configure:4309: test -z 			 || test ! -s conftest.err
configure:4312: $? = 0
configure:4315: test -s conftest.o
configure:4318: $? = 0
configure:4329: result: yes
configure:4284: checking for string.h
configure:4300: gcc -c -g -O2  conftest.c >&5
configure:4306: $? = 0
configure:4309: test -z 			 || test ! -s conftest.err
configure:4312: $? = 0
configure:4315: test -s conftest.o
configure:4318: $? = 0
configure:4329: result: yes
configure:4284: checking for memory.h
configure:4300: gcc -c -g -O2  conftest.c >&5
configure:4306: $? = 0
configure:4309: test -z 			 || test ! -s conftest.err
configure:4312: $? = 0
configure:4315: test -s conftest.o
configure:4318: $? = 0
configure:4329: result: yes
configure:4284: checking for strings.h
configure:4300: gcc -c -g -O2  conftest.c >&5
configure:4306: $? = 0
configure:4309: test -z 			 || test ! -s conftest.err
configure:4312: $? = 0
configure:4315: test -s conftest.o
configure:4318: $? = 0
configure:4329: result: yes
configure:4284: checking for inttypes.h
configure:4300: gcc -c -g -O2  conftest.c >&5
configure:4306: $? = 0
configure:4309: test -z 			 || test ! -s conftest.err
configure:4312: $? = 0
configure:4315: test -s conftest.o
configure:4318: $? = 0
configure:4329: result: yes
configure:4284: checking for stdint.h
configure:4300: gcc -c -g -O2  conftest.c >&5
configure:4306: $? = 0
configure:4309: test -z 			 || test ! -s conftest.err
configure:4312: $? = 0
configure:4315: test -s conftest.o
configure:4318: $? = 0
configure:4329: result: yes
configure:4284: checking for unistd.h
configure:4300: gcc -c -g -O2  conftest.c >&5
configure:4306: $? = 0
configure:4309: test -z 			 || test ! -s conftest.err
configure:4312: $? = 0
configure:4315: test -s conftest.o
configure:4318: $? = 0
configure:4329: result: yes
configure:4355: checking dlfcn.h usability
configure:4367: gcc -c -g -O2  conftest.c >&5
configure:4373: $? = 0
configure:4376: test -z 			 || test ! -s conftest.err
configure:4379: $? = 0
configure:4382: test -s conftest.o
configure:4385: $? = 0
configure:4395: result: yes
configure:4399: checking dlfcn.h presence
configure:4409: gcc -E  conftest.c
configure:4415: $? = 0
configure:4435: result: yes
configure:4470: checking for dlfcn.h
configure:4477: result: yes
configure:4542: checking for g++
configure:4558: found /usr/bin/g++
configure:4568: result: g++
configure:4584: checking for C++ compiler version
configure:4587: g++ --version </dev/null >&5
g++ (GCC) 3.3.2 (Mandrake Linux 10.0 3.3.2-6mdk)
Copyright (C) 2003 Free Software Foundation, Inc.
This is free software; see the source for copying conditions.  There is NO
warranty; not even for MERCHANTABILITY or FITNESS FOR A PARTICULAR PURPOSE.

configure:4590: $? = 0
configure:4592: g++ -v </dev/null >&5
Reading specs from /usr/lib/gcc-lib/i586-mandrake-linux-gnu/3.3.2/specs
Configured with: ../configure --prefix=/usr --libdir=/usr/lib --with-slibdir=/lib --mandir=/usr/share/man --infodir=/usr/share/info --enable-shared --enable-threads=posix --disable-checking --enable-long-long --enable-__cxa_atexit --enable-clocale=gnu --enable-languages=c,c++,ada,f77,objc,java,pascal --host=i586-mandrake-linux-gnu --with-system-zlib
Thread model: posix
gcc version 3.3.2 (Mandrake Linux 10.0 3.3.2-6mdk)
configure:4595: $? = 0
configure:4597: g++ -V </dev/null >&5
g++: `-V' option must have argument
configure:4600: $? = 1
configure:4603: checking whether we are using the GNU C++ compiler
configure:4627: g++ -c   conftest.cc >&5
configure:4633: $? = 0
configure:4636: test -z 			 || test ! -s conftest.err
configure:4639: $? = 0
configure:4642: test -s conftest.o
configure:4645: $? = 0
configure:4658: result: yes
configure:4664: checking whether g++ accepts -g
configure:4685: g++ -c -g  conftest.cc >&5
configure:4691: $? = 0
configure:4694: test -z 			 || test ! -s conftest.err
configure:4697: $? = 0
configure:4700: test -s conftest.o
configure:4703: $? = 0
configure:4714: result: yes
configure:4756: g++ -c -g -O2  conftest.cc >&5
configure:4762: $? = 0
configure:4765: test -z 			 || test ! -s conftest.err
configure:4768: $? = 0
configure:4771: test -s conftest.o
configure:4774: $? = 0
configure:4800: g++ -c -g -O2  conftest.cc >&5
conftest.cc: In function `int main()':
conftest.cc:26: error: `exit' undeclared (first use this function)
conftest.cc:26: error: (Each undeclared identifier is reported only once for each function it appears in.)
configure:4806: $? = 1
configure: failed program was:
| /* confdefs.h.  */
| 
| #define PACKAGE_NAME "libmspack"
| #define PACKAGE_TARNAME "libmspack"
| #define PACKAGE_VERSION "0.0.20040308alpha"
| #define PACKAGE_STRING "libmspack 0.0.20040308alpha"
| #define PACKAGE_BUGREPORT "kyzer@4u.net"
| #define PACKAGE "libmspack"
| #define VERSION "0.0.20040308alpha"
| #define STDC_HEADERS 1
| #define HAVE_SYS_TYPES_H 1
| #define HAVE_SYS_STAT_H 1
| #define HAVE_STDLIB_H 1
| #define HAVE_STRING_H 1
| #define HAVE_MEMORY_H 1
| #define HAVE_STRINGS_H 1
| #define HAVE_INTTYPES_H 1
| #define HAVE_STDINT_H 1
| #define HAVE_UNISTD_H 1
| #define HAVE_DLFCN_H 1
| /* end confdefs.h.  */
| 
| int
| main ()
| {
| exit (42);
|   ;
|   return 0;
| }
configure:4756: g++ -c -g -O2  conftest.cc >&5
configure:4762: $? = 0
configure:4765: test -z 			 || test ! -s conftest.err
configure:4768: $? = 0
configure:4771: test -s conftest.o
configure:4774: $? = 0
configure:4800: g++ -c -g -O2  conftest.cc >&5
configure:4806: $? = 0
configure:4809: test -z 			 || test ! -s conftest.err
configure:4812: $? = 0
configure:4815: test -s conftest.o
configure:4818: $? = 0
configure:4843: checking dependency style of g++
configure:4926: result: gcc3
configure:4948: checking how to run the C++ preprocessor
configure:4979: g++ -E  conftest.cc
configure:4985: $? = 0
configure:5017: g++ -E  conftest.cc
conftest.cc:25:28: ac_nonexistent.h: No such file or directory
configure:5023: $? = 1
configure: failed program was:
| /* confdefs.h.  */
| 
| #define PACKAGE_NAME "libmspack"
| #define PACKAGE_TARNAME "libmspack"
| #define PACKAGE_VERSION "0.0.20040308alpha"
| #define PACKAGE_STRING "libmspack 0.0.20040308alpha"
| #define PACKAGE_BUGREPORT "kyzer@4u.net"
| #define PACKAGE "libmspack"
| #define VERSION "0.0.20040308alpha"
| #define STDC_HEADERS 1
| #define HAVE_SYS_TYPES_H 1
| #define HAVE_SYS_STAT_H 1
| #define HAVE_STDLIB_H 1
| #define HAVE_STRING_H 1
| #define HAVE_MEMORY_H 1
| #define HAVE_STRINGS_H 1
| #define HAVE_INTTYPES_H 1
| #define HAVE_STDINT_H 1
| #define HAVE_UNISTD_H 1
| #define HAVE_DLFCN_H 1
| #ifdef __cplusplus
| extern "C" void std::exit (int) throw (); using std::exit;
| #endif
| /* end confdefs.h.  */
| #include <ac_nonexistent.h>
configure:5062: result: g++ -E
configure:5086: g++ -E  conftest.cc
configure:5092: $? = 0
configure:5124: g++ -E  conftest.cc
conftest.cc:25:28: ac_nonexistent.h: No such file or directory
configure:5130: $? = 1
configure: failed program was:
| /* confdefs.h.  */
| 
| #define PACKAGE_NAME "libmspack"
| #define PACKAGE_TARNAME "libmspack"
| #define PACKAGE_VERSION "0.0.20040308alpha"
| #define PACKAGE_STRING "libmspack 0.0.20040308alpha"
| #define PACKAGE_BUGREPORT "kyzer@4u.net"
| #define PACKAGE "libmspack"
| #define VERSION "0.0.20040308alpha"
| #define STDC_HEADERS 1
| #define HAVE_SYS_TYPES_H 1
| #define HAVE_SYS_STAT_H 1
| #define HAVE_STDLIB_H 1
| #define HAVE_STRING_H 1
| #define HAVE_MEMORY_H 1
| #define HAVE_STRINGS_H 1
| #define HAVE_INTTYPES_H 1
| #define HAVE_STDINT_H 1
| #define HAVE_UNISTD_H 1
| #define HAVE_DLFCN_H 1
| #ifdef __cplusplus
| extern "C" void std::exit (int) throw (); using std::exit;
| #endif
| /* end confdefs.h.  */
| #include <ac_nonexistent.h>
configure:5225: checking for g77
configure:5254: result: no
configure:5225: checking for f77
configure:5254: result: no
configure:5225: checking for xlf
configure:5254: result: no
configure:5225: checking for frt
configure:5254: result: no
configure:5225: checking for pgf77
configure:5254: result: no
configure:5225: checking for fort77
configure:5254: result: no
configure:5225: checking for fl32
configure:5254: result: no
configure:5225: checking for af77
configure:5254: result: no
configure:5225: checking for f90
configure:5254: result: no
configure:5225: checking for xlf90
configure:5254: result: no
configure:5225: checking for pgf90
configure:5254: result: no
configure:5225: checking for epcf90
configure:5254: result: no
configure:5225: checking for f95
configure:5254: result: no
configure:5225: checking for fort
configure:5254: result: no
configure:5225: checking for xlf95
configure:5254: result: no
configure:5225: checking for ifc
configure:5254: result: no
configure:5225: checking for efc
configure:5254: result: no
configure:5225: checking for pgf95
configure:5254: result: no
configure:5225: checking for lf95
configure:5254: result: no
configure:5225: checking for gfortran
configure:5254: result: no
configure:5269: checking for Fortran 77 compiler version
configure:5269:  --version </dev/null >&5
./configure: line 1: --version: command not found
configure:5272: $? = 127
configure:5274:  -v </dev/null >&5
./configure: line 1: -v: command not found
configure:5277: $? = 127
configure:5279:  -V </dev/null >&5
./configure: line 1: -V: command not found
configure:5282: $? = 127
configure:5290: checking whether we are using the GNU Fortran 77 compiler
configure:5304:  -c  conftest.F >&5
./configure: line 1: -c: command not found
configure:5310: $? = 127
configure: failed program was:
|       program main
| #ifndef __GNUC__
|        choke me
| #endif
| 
|       end
configure:5335: result: no
configure:5341: checking whether  accepts -g
configure:5353:  -c -g conftest.f >&5
./configure: line 1: -c: command not found
configure:5359: $? = 127
configure: failed program was:
|       program main
| 
|       end
configure:5383: result: no
configure:5413: checking the maximum length of command line arguments
configure:5478: result: 32768
configure:5489: checking command to parse /usr/bin/nm -B output from gcc object
configure:5578: gcc -c -g -O2  conftest.c >&5
configure:5581: $? = 0
configure:5585: /usr/bin/nm -B conftest.o \| sed -n -e 's/^.*[ 	]\([ABCDGIRSTW][ABCDGIRSTW]*\)[ 	][ 	]*\(\)\([_A-Za-z][_A-Za-z0-9]*\)$/\1 \2\3 \3/p' \> conftest.nm
configure:5588: $? = 0
configure:5640: gcc -o conftest -g -O2   conftest.c conftstm.o >&5
configure:5643: $? = 0
configure:5681: result: ok
configure:5685: checking for objdir
configure:5700: result: .libs
configure:5790: checking for ar
configure:5806: found /usr/bin/ar
configure:5817: result: ar
configure:5870: checking for ranlib
configure:5886: found /usr/bin/ranlib
configure:5897: result: ranlib
configure:5950: checking for strip
configure:5966: found /usr/bin/strip
configure:5977: result: strip
configure:6239: checking if gcc static flag  works
configure:6262: result: yes
configure:6280: checking if gcc supports -fno-rtti -fno-exceptions
configure:6301: gcc -c -g -O2  -fno-rtti -fno-exceptions conftest.c >&5
cc1: warning: "-fno-rtti" is valid for C++ but not for C/ObjC
configure:6305: $? = 0
configure:6313: result: no
configure:6328: checking for gcc option to produce PIC
configure:6505: result: -fPIC
configure:6513: checking if gcc PIC flag -fPIC works
configure:6534: gcc -c -g -O2  -fPIC -DPIC conftest.c >&5
configure:6538: $? = 0
configure:6546: result: yes
configure:6570: checking if gcc supports -c -o file.o
configure:6594: gcc -c -g -O2  -o out/conftest2.o conftest.c >&5
configure:6598: $? = 0
configure:6615: result: yes
configure:6641: checking whether the gcc linker (/usr/bin/ld) supports shared libraries
configure:7487: result: yes
configure:7513: checking whether -lc should be explicitly linked in
configure:7518: gcc -c -g -O2  conftest.c >&5
configure:7521: $? = 0
configure:7535: gcc -shared conftest.o  -v -Wl,-soname -Wl,conftest -o conftest 2\>\&1 \| grep  -lc  \>/dev/null 2\>\&1
configure:7538: $? = 0
configure:7550: result: no
configure:7558: checking dynamic linker characteristics
configure:8098: result: GNU/Linux ld.so
configure:8102: checking how to hardcode library paths into programs
configure:8127: result: immediate
configure:8141: checking whether stripping libraries is possible
configure:8146: result: yes
configure:8969: checking if libtool supports shared libraries
configure:8971: result: yes
configure:8974: checking whether to build shared libraries
configure:9032: result: yes
configure:9035: checking whether to build static libraries
configure:9039: result: yes
configure:9131: creating libtool
configure:9678: checking for ld used by g++
configure:9745: result: /usr/bin/ld
configure:9754: checking if the linker (/usr/bin/ld) is GNU ld
configure:9769: result: yes
configure:9820: checking whether the g++ linker (/usr/bin/ld) supports shared libraries
configure:10646: result: yes
configure:10664: g++ -c -g -O2  conftest.cc >&5
configure:10667: $? = 0
configure:10763: checking for g++ option to produce PIC
configure:11015: result: -fPIC
configure:11023: checking if g++ PIC flag -fPIC works
configure:11044: g++ -c -g -O2  -fPIC -DPIC conftest.cc >&5
configure:11048: $? = 0
configure:11056: result: yes
configure:11080: checking if g++ supports -c -o file.o
configure:11104: g++ -c -g -O2  -o out/conftest2.o conftest.cc >&5
configure:11108: $? = 0
configure:11125: result: yes
configure:11151: checking whether the g++ linker (/usr/bin/ld) supports shared libraries
configure:11176: result: yes
configure:11247: checking dynamic linker characteristics
configure:11787: result: GNU/Linux ld.so
configure:11791: checking how to hardcode library paths into programs
configure:11816: result: immediate
configure:11830: checking whether stripping libraries is possible
configure:11835: result: yes
configure:19055: checking for ANSI C header files
configure:19207: result: yes
configure:19232: checking limits.h usability
configure:19244: gcc -c -g -O2  conftest.c >&5
configure:19250: $? = 0
configure:19253: test -z 			 || test ! -s conftest.err
configure:19256: $? = 0
configure:19259: test -s conftest.o
configure:19262: $? = 0
configure:19272: result: yes
configure:19276: checking limits.h presence
configure:19286: gcc -E  conftest.c
configure:19292: $? = 0
configure:19312: result: yes
configure:19347: checking for limits.h
configure:19354: result: yes
configure:19223: checking for stdlib.h
configure:19228: result: yes
configure:19369: checking for an ANSI C-conforming const
configure:19436: gcc -c -g -O2  conftest.c >&5
configure:19442: $? = 0
configure:19445: test -z 			 || test ! -s conftest.err
configure:19448: $? = 0
configure:19451: test -s conftest.o
configure:19454: $? = 0
configure:19465: result: yes
configure:19475: checking for inline
configure:19496: gcc -c -g -O2  conftest.c >&5
configure:19502: $? = 0
configure:19505: test -z 			 || test ! -s conftest.err
configure:19508: $? = 0
configure:19511: test -s conftest.o
configure:19514: $? = 0
configure:19526: result: inline
configure:19545: checking for mode_t
configure:19569: gcc -c -g -O2  conftest.c >&5
configure:19575: $? = 0
configure:19578: test -z 			 || test ! -s conftest.err
configure:19581: $? = 0
configure:19584: test -s conftest.o
configure:19587: $? = 0
configure:19598: result: yes
configure:19610: checking for off_t
configure:19634: gcc -c -g -O2  conftest.c >&5
configure:19640: $? = 0
configure:19643: test -z 			 || test ! -s conftest.err
configure:19646: $? = 0
configure:19649: test -s conftest.o
configure:19652: $? = 0
configure:19663: result: yes
configure:19675: checking for size_t
configure:19699: gcc -c -g -O2  conftest.c >&5
configure:19705: $? = 0
configure:19708: test -z 			 || test ! -s conftest.err
configure:19711: $? = 0
configure:19714: test -s conftest.o
configure:19717: $? = 0
configure:19728: result: yes
configure:19749: checking for special C compiler options needed for large files
configure:19846: result: no
configure:19852: checking for _FILE_OFFSET_BITS value needed for large files
configure:19883: gcc -c -g -O2  conftest.c >&5
conftest.c:34: warning: left shift count >= width of type
conftest.c:34: warning: left shift count >= width of type
conftest.c:36: error: size of array `off_t_is_large' is negative
configure:19889: $? = 1
configure: failed program was:
| /* confdefs.h.  */
| 
| #define PACKAGE_NAME "libmspack"
| #define PACKAGE_TARNAME "libmspack"
| #define PACKAGE_VERSION "0.0.20040308alpha"
| #define PACKAGE_STRING "libmspack 0.0.20040308alpha"
| #define PACKAGE_BUGREPORT "kyzer@4u.net"
| #define PACKAGE "libmspack"
| #define VERSION "0.0.20040308alpha"
| #define STDC_HEADERS 1
| #define HAVE_SYS_TYPES_H 1
| #define HAVE_SYS_STAT_H 1
| #define HAVE_STDLIB_H 1
| #define HAVE_STRING_H 1
| #define HAVE_MEMORY_H 1
| #define HAVE_STRINGS_H 1
| #define HAVE_INTTYPES_H 1
| #define HAVE_STDINT_H 1
| #define HAVE_UNISTD_H 1
| #define HAVE_DLFCN_H 1
| #ifdef __cplusplus
| extern "C" void std::exit (int) throw (); using std::exit;
| #endif
| #define STDC_HEADERS 1
| #define HAVE_LIMITS_H 1
| #define HAVE_STDLIB_H 1
| /* end confdefs.h.  */
| #include <sys/types.h>
|  /* Check that off_t can represent 2**63 - 1 correctly.
|     We can't simply define LARGE_OFF_T to be 9223372036854775807,
|     since some C++ compilers masquerading as C compilers
|     incorrectly reject 9223372036854775807.  */
| #define LARGE_OFF_T (((off_t) 1 << 62) - 1 + ((off_t) 1 << 62))
|   int off_t_is_large[(LARGE_OFF_T % 2147483629 == 721
| 		       && LARGE_OFF_T % 2147483647 == 1)
| 		      ? 1 : -1];
| int
| main ()
| {
| 
|   ;
|   return 0;
| }
configure:19935: gcc -c -g -O2  conftest.c >&5
configure:19941: $? = 0
configure:19944: test -z 			 || test ! -s conftest.err
configure:19947: $? = 0
configure:19950: test -s conftest.o
configure:19953: $? = 0
configure:19965: result: 64
configure:19975: checking for _LARGE_FILES value needed for large files
configure:20006: gcc -c -g -O2  conftest.c >&5
configure:20012: $? = 0
configure:20015: test -z 			 || test ! -s conftest.err
configure:20018: $? = 0
configure:20021: test -s conftest.o
configure:20024: $? = 0
configure:20088: result: no
configure:20100: checking for _LARGEFILE_SOURCE value needed for large files
configure:20123: gcc -c -g -O2  conftest.c >&5
conftest.c: In function `main':
conftest.c:33: error: `fseeko' undeclared (first use in this function)
conftest.c:33: error: (Each undeclared identifier is reported only once
conftest.c:33: error: for each function it appears in.)
configure:20129: $? = 1
configure: failed program was:
| /* confdefs.h.  */
| 
| #define PACKAGE_NAME "libmspack"
| #define PACKAGE_TARNAME "libmspack"
| #define PACKAGE_VERSION "0.0.20040308alpha"
| #define PACKAGE_STRING "libmspack 0.0.20040308alpha"
| #define PACKAGE_BUGREPORT "kyzer@4u.net"
| #define PACKAGE "libmspack"
| #define VERSION "0.0.20040308alpha"
| #define STDC_HEADERS 1
| #define HAVE_SYS_TYPES_H 1
| #define HAVE_SYS_STAT_H 1
| #define HAVE_STDLIB_H 1
| #define HAVE_STRING_H 1
| #define HAVE_MEMORY_H 1
| #define HAVE_STRINGS_H 1
| #define HAVE_INTTYPES_H 1
| #define HAVE_STDINT_H 1
| #define HAVE_UNISTD_H 1
| #define HAVE_DLFCN_H 1
| #ifdef __cplusplus
| extern "C" void std::exit (int) throw (); using std::exit;
| #endif
| #define STDC_HEADERS 1
| #define HAVE_LIMITS_H 1
| #define HAVE_STDLIB_H 1
| #define _FILE_OFFSET_BITS 64
| /* end confdefs.h.  */
| #include <stdio.h>
| int
| main ()
| {
| return !fseeko;
|   ;
|   return 0;
| }
configure:20167: gcc -c -g -O2  conftest.c >&5
configure:20173: $? = 0
configure:20176: test -z 			 || test ! -s conftest.err
configure:20179: $? = 0
configure:20182: test -s conftest.o
configure:20185: $? = 0
configure:20197: result: 1
configure:20211: checking for fseeko
configure:20232: gcc -o conftest -g -O2   conftest.c  >&5
configure:20238: $? = 0
configure:20241: test -z 			 || test ! -s conftest.err
configure:20244: $? = 0
configure:20247: test -s conftest
configure:20250: $? = 0
configure:20262: result: yes
configure:20392: creating ./config.status

## ---------------------- ##
## Running config.status. ##
## ---------------------- ##

This file was extended by libmspack config.status 0.0.20040308alpha, which was
generated by GNU Autoconf 2.59.  Invocation command line was

  CONFIG_FILES    = 
  CONFIG_HEADERS  = 
  CONFIG_LINKS    = 
  CONFIG_COMMANDS = 
  $ ./config.status 

on damir_mdk10_1

config.status:751: creating Makefile
config.status:817: creating config.h
config.status:1117: executing depfiles commands

## ---------------- ##
## Cache variables. ##
## ---------------- ##

ac_cv_build=i686-pc-linux-gnu
ac_cv_build_alias=i686-pc-linux-gnu
ac_cv_c_compiler_gnu=yes
ac_cv_c_const=yes
ac_cv_c_inline=inline
ac_cv_cxx_compiler_gnu=yes
ac_cv_env_CC_set=
ac_cv_env_CC_value=
ac_cv_env_CFLAGS_set=
ac_cv_env_CFLAGS_value=
ac_cv_env_CPPFLAGS_set=
ac_cv_env_CPPFLAGS_value=
ac_cv_env_CPP_set=
ac_cv_env_CPP_value=
ac_cv_env_CXXCPP_set=
ac_cv_env_CXXCPP_value=
ac_cv_env_CXXFLAGS_set=
ac_cv_env_CXXFLAGS_value=
ac_cv_env_CXX_set=
ac_cv_env_CXX_value=
ac_cv_env_F77_set=
ac_cv_env_F77_value=
ac_cv_env_FFLAGS_set=
ac_cv_env_FFLAGS_value=
ac_cv_env_LDFLAGS_set=
ac_cv_env_LDFLAGS_value=
ac_cv_env_build_alias_set=
ac_cv_env_build_alias_value=
ac_cv_env_host_alias_set=
ac_cv_env_host_alias_value=
ac_cv_env_target_alias_set=
ac_cv_env_target_alias_value=
ac_cv_exeext=
ac_cv_f77_compiler_gnu=no
ac_cv_func_fseeko=yes
ac_cv_header_dlfcn_h=yes
ac_cv_header_inttypes_h=yes
ac_cv_header_limits_h=yes
ac_cv_header_memory_h=yes
ac_cv_header_stdc=yes
ac_cv_header_stdint_h=yes
ac_cv_header_stdlib_h=yes
ac_cv_header_string_h=yes
ac_cv_header_strings_h=yes
ac_cv_header_sys_stat_h=yes
ac_cv_header_sys_types_h=yes
ac_cv_header_unistd_h=yes
ac_cv_host=i686-pc-linux-gnu
ac_cv_host_alias=i686-pc-linux-gnu
ac_cv_objext=o
ac_cv_path_install='/usr/bin/install -c'
ac_cv_prog_AWK=gawk
ac_cv_prog_CPP='gcc -E'
ac_cv_prog_CXXCPP='g++ -E'
ac_cv_prog_ac_ct_AR=ar
ac_cv_prog_ac_ct_CC=gcc
ac_cv_prog_ac_ct_CXX=g++
ac_cv_prog_ac_ct_RANLIB=ranlib
ac_cv_prog_ac_ct_STRIP=strip
ac_cv_prog_cc_g=yes
ac_cv_prog_cc_stdc=
ac_cv_prog_cxx_g=yes
ac_cv_prog_egrep='grep -E'
ac_cv_prog_f77_g=no
ac_cv_prog_make_make_set=yes
ac_cv_sys_file_offset_bits=64
ac_cv_sys_large_files=no
ac_cv_sys_largefile_CC=no
ac_cv_sys_largefile_source=1
ac_cv_type_mode_t=yes
ac_cv_type_off_t=yes
ac_cv_type_size_t=yes
am_cv_CC_dependencies_compiler_type=gcc3
am_cv_CXX_dependencies_compiler_type=gcc3
lt_cv_deplibs_check_method=pass_all
lt_cv_file_magic_cmd='$MAGIC_CMD'
lt_cv_file_magic_test_file=
lt_cv_ld_reload_flag=-r
lt_cv_objdir=.libs
lt_cv_path_LD=/usr/bin/ld
lt_cv_path_LDCXX=/usr/bin/ld
lt_cv_path_NM='/usr/bin/nm -B'
lt_cv_path_SED=/bin/sed
lt_cv_prog_compiler_c_o=yes
lt_cv_prog_compiler_c_o_CXX=yes
lt_cv_prog_compiler_rtti_exceptions=no
lt_cv_prog_gnu_ld=yes
lt_cv_prog_gnu_ldcxx=yes
lt_cv_sys_global_symbol_pipe='sed -n -e '\''s/^.*[ 	]\([ABCDGIRSTW][ABCDGIRSTW]*\)[ 	][ 	]*\(\)\([_A-Za-z][_A-Za-z0-9]*\)$/\1 \2\3 \3/p'\'''
lt_cv_sys_global_symbol_to_c_name_address='sed -n -e '\''s/^: \([^ ]*\) $/  {\"\1\", (lt_ptr) 0},/p'\'' -e '\''s/^[BCDEGRST] \([^ ]*\) \([^ ]*\)$/  {"\2", (lt_ptr) \&\2},/p'\'''
lt_cv_sys_global_symbol_to_cdecl='sed -n -e '\''s/^. .* \(.*\)$/extern int \1;/p'\'''
lt_cv_sys_max_cmd_len=32768
lt_lt_cv_prog_compiler_c_o='"yes"'
lt_lt_cv_prog_compiler_c_o_CXX='"yes"'
lt_lt_cv_sys_global_symbol_pipe='"sed -n -e '\''s/^.*[ 	]\\([ABCDGIRSTW][ABCDGIRSTW]*\\)[ 	][ 	]*\\(\\)\\([_A-Za-z][_A-Za-z0-9]*\\)\$/\\1 \\2\\3 \\3/p'\''"'
lt_lt_cv_sys_global_symbol_to_c_name_address='"sed -n -e '\''s/^: \\([^ ]*\\) \$/  {\\\"\\1\\\", (lt_ptr) 0},/p'\'' -e '\''s/^[BCDEGRST] \\([^ ]*\\) \\([^ ]*\\)\$/  {\"\\2\", (lt_ptr) \\&\\2},/p'\''"'
lt_lt_cv_sys_global_symbol_to_cdecl='"sed -n -e '\''s/^. .* \\(.*\\)\$/extern int \\1;/p'\''"'

## ----------------- ##
## Output variables. ##
## ----------------- ##

ACLOCAL='aclocal-1.8'
AMDEPBACKSLASH='\'
AMDEP_FALSE='#'
AMDEP_TRUE=''
AMTAR='tar'
AR='ar'
AUTOCONF='autoconf'
AUTOHEADER='autoheader'
AUTOMAKE='automake-1.8'
AWK='gawk'
CC='gcc'
CCDEPMODE='depmode=gcc3'
CFLAGS='-g -O2'
CPP='gcc -E'
CPPFLAGS=''
CXX='g++'
CXXCPP='g++ -E'
CXXDEPMODE='depmode=gcc3'
CXXFLAGS='-g -O2'
CYGPATH_W='echo'
DEFS='-DHAVE_CONFIG_H'
DEPDIR='.deps'
ECHO='echo'
ECHO_C=''
ECHO_N='-n'
ECHO_T=''
EGREP='grep -E'
EXEEXT=''
F77=''
FFLAGS=''
INSTALL_DATA='${INSTALL} -m 644'
INSTALL_PROGRAM='${INSTALL}'
INSTALL_SCRIPT='${INSTALL}'
INSTALL_STRIP_PROGRAM='${SHELL} $(install_sh) -c -s'
LDFLAGS=''
LIBOBJS=''
LIBS=''
LIBTOOL='$(SHELL) $(top_builddir)/libtool'
LN_S='ln -s'
LTLIBOBJS=''
MAKEINFO='makeinfo'
OBJEXT='o'
PACKAGE='libmspack'
PACKAGE_BUGREPORT='kyzer@4u.net'
PACKAGE_NAME='libmspack'
PACKAGE_STRING='libmspack 0.0.20040308alpha'
PACKAGE_TARNAME='libmspack'
PACKAGE_VERSION='0.0.20040308alpha'
PATH_SEPARATOR=':'
RANLIB='ranlib'
SET_MAKE=''
SHELL='/bin/sh'
STRIP='strip'
VERSION='0.0.20040308alpha'
ac_ct_AR='ar'
ac_ct_CC='gcc'
ac_ct_CXX='g++'
ac_ct_F77=''
ac_ct_RANLIB='ranlib'
ac_ct_STRIP='strip'
am__fastdepCC_FALSE='#'
am__fastdepCC_TRUE=''
am__fastdepCXX_FALSE='#'
am__fastdepCXX_TRUE=''
am__include='include'
am__leading_dot='.'
am__quote=''
bindir='${exec_prefix}/bin'
build='i686-pc-linux-gnu'
build_alias=''
build_cpu='i686'
build_os='linux-gnu'
build_vendor='pc'
datadir='${prefix}/share'
exec_prefix='${prefix}'
host='i686-pc-linux-gnu'
host_alias=''
host_cpu='i686'
host_os='linux-gnu'
host_vendor='pc'
includedir='${prefix}/include'
infodir='${prefix}/info'
install_sh='/home/shiyafetdinov/cs adminkit/cablib/libmspack-0.0.20040308alpha/install-sh'
libdir='${exec_prefix}/lib'
libexecdir='${exec_prefix}/libexec'
localstatedir='${prefix}/var'
mandir='${prefix}/man'
mkdir_p='mkdir -p -- .'
oldincludedir='/usr/include'
prefix='/usr/local'
program_transform_name='s,x,x,'
sbindir='${exec_prefix}/sbin'
sharedstatedir='${prefix}/com'
sysconfdir='${prefix}/etc'
target_alias=''

## ----------- ##
## confdefs.h. ##
## ----------- ##

#define HAVE_DLFCN_H 1
#define HAVE_FSEEKO 1
#define HAVE_INTTYPES_H 1
#define HAVE_LIMITS_H 1
#define HAVE_MEMORY_H 1
#define HAVE_STDINT_H 1
#define HAVE_STDLIB_H 1
#define HAVE_STDLIB_H 1
#define HAVE_STRINGS_H 1
#define HAVE_STRING_H 1
#define HAVE_SYS_STAT_H 1
#define HAVE_SYS_TYPES_H 1
#define HAVE_UNISTD_H 1
#define PACKAGE "libmspack"
#define PACKAGE_BUGREPORT "kyzer@4u.net"
#define PACKAGE_NAME "libmspack"
#define PACKAGE_STRING "libmspack 0.0.20040308alpha"
#define PACKAGE_TARNAME "libmspack"
#define PACKAGE_VERSION "0.0.20040308alpha"
#define STDC_HEADERS 1
#define STDC_HEADERS 1
#define VERSION "0.0.20040308alpha"
#define _FILE_OFFSET_BITS 64
#define _LARGEFILE_SOURCE 1
#endif
#ifdef __cplusplus
extern "C" void std::exit (int) throw (); using std::exit;

configure: exit 0
